#
# There is insufficient memory for the Java Runtime Environment to continue.
# Native memory allocation (malloc) failed to allocate 32744 bytes. Error detail: ChunkPool::allocate
# Possible reasons:
#   The system is out of physical RAM or swap space
#   This process is running with CompressedOops enabled, and the Java Heap may be blocking the growth of the native heap
# Possible solutions:
#   Reduce memory load on the system
#   Increase physical memory or swap space
#   Check if swap backing store is full
#   Decrease Java heap size (-Xmx/-Xms)
#   Decrease number of Java threads
#   Decrease Java thread stack sizes (-Xss)
#   Set larger code cache with -XX:ReservedCodeCacheSize=
#   JVM is running with Unscaled Compressed Oops mode in which the Java heap is
#     placed in the first 4GB address space. The Java Heap base address is the
#     maximum limit for the native heap growth. Please use -XX:HeapBaseMinAddress
#     to set the Java Heap base and to place the Java Heap above 4GB virtual address.
# This output file may be truncated or incomplete.
#
#  Out of Memory Error (arena.cpp:79), pid=11080, tid=7908
#
# JRE version: OpenJDK Runtime Environment Corretto-17.0.12.7.1 (17.0.12+7) (build 17.0.12+7-LTS)
# Java VM: OpenJDK 64-Bit Server VM Corretto-17.0.12.7.1 (17.0.12+7-LTS, mixed mode, sharing, tiered, compressed oops, compressed class ptrs, g1 gc, windows-amd64)
# No core dump will be written. Minidumps are not enabled by default on client versions of Windows
#

---------------  S U M M A R Y ------------

Command Line: --add-opens=java.base/java.util=ALL-UNNAMED --add-opens=java.base/java.lang=ALL-UNNAMED --add-opens=java.base/java.lang.invoke=ALL-UNNAMED --add-opens=java.prefs/java.util.prefs=ALL-UNNAMED --add-exports=jdk.compiler/com.sun.tools.javac.api=ALL-UNNAMED --add-exports=jdk.compiler/com.sun.tools.javac.util=ALL-UNNAMED --add-opens=java.base/java.nio.charset=ALL-UNNAMED --add-opens=java.base/java.net=ALL-UNNAMED --add-opens=java.base/java.util.concurrent.atomic=ALL-UNNAMED -XX:MaxMetaspaceSize=384m -XX:+HeapDumpOnOutOfMemoryError -Xms256m -Xmx512m -Dfile.encoding=UTF-8 -Duser.country=KR -Duser.language=ko -Duser.variant -javaagent:C:\Users\pc33\.gradle\wrapper\dists\gradle-8.10.2-bin\a04bxjujx95o3nb99gddekhwo\gradle-8.10.2\lib\agents\gradle-instrumentation-agent-8.10.2.jar org.gradle.launcher.daemon.bootstrap.GradleDaemon 8.10.2

Host: Intel(R) Core(TM) i5-7600 CPU @ 3.50GHz, 4 cores, 15G,  Windows 10 , 64 bit Build 19041 (10.0.19041.4957)
Time: Tue Nov 12 15:05:00 2024  Windows 10 , 64 bit Build 19041 (10.0.19041.4957) elapsed time: 79.295295 seconds (0d 0h 1m 19s)

---------------  T H R E A D  ---------------

Current thread (0x000001c892c17440):  JavaThread "C2 CompilerThread0" daemon [_thread_in_native, id=7908, stack(0x000000c600f00000,0x000000c601000000)]


Current CompileTask:
C2:  79295 9855       4       org.gradle.internal.logging.text.AbstractLineChoppingStyledTextOutput::doAppend (43 bytes)

Stack: [0x000000c600f00000,0x000000c601000000]
Native frames: (J=compiled Java code, j=interpreted, Vv=VM code, C=native code)
V  [jvm.dll+0x67f4f9]
V  [jvm.dll+0x836eaa]
V  [jvm.dll+0x83896e]
V  [jvm.dll+0x838fd3]
V  [jvm.dll+0x247f6f]
V  [jvm.dll+0xacbd1]
V  [jvm.dll+0xad01c]
V  [jvm.dll+0xacadb]
V  [jvm.dll+0x8203bc]
V  [jvm.dll+0xa4298]
V  [jvm.dll+0x6a527f]
V  [jvm.dll+0x755d7b]
V  [jvm.dll+0x754ea7]
V  [jvm.dll+0x59a62b]
V  [jvm.dll+0x586d0a]
V  [jvm.dll+0x222e12]
V  [jvm.dll+0x21bfcf]
V  [jvm.dll+0x219831]
V  [jvm.dll+0x1a57bd]
V  [jvm.dll+0x22966d]
V  [jvm.dll+0x22781c]
V  [jvm.dll+0x7ebec7]
V  [jvm.dll+0x7e62ac]
V  [jvm.dll+0x67e3c7]
C  [ucrtbase.dll+0x21bb2]
C  [KERNEL32.DLL+0x17374]
C  [ntdll.dll+0x4cc91]


---------------  P R O C E S S  ---------------

Threads class SMR info:
_java_thread_list=0x000001c8aeacf6a0, length=89, elements={
0x000001c8f699a8b0, 0x000001c892bfbc50, 0x000001c892bfc9e0, 0x000001c892c11db0,
0x000001c892c14690, 0x000001c892c15f70, 0x000001c892c16840, 0x000001c892c17440,
0x000001c892c17e00, 0x000001c8ac0187f0, 0x000001c892be5ca0, 0x000001c8ac144eb0,
0x000001c8adc34830, 0x000001c8adb5a7f0, 0x000001c8adc3ae90, 0x000001c8adee9610,
0x000001c8adee7860, 0x000001c8adf15a80, 0x000001c8adf169b0, 0x000001c8adf17df0,
0x000001c8adf15f90, 0x000001c8adf173d0, 0x000001c8adf178e0, 0x000001c8adf15570,
0x000001c8adf18300, 0x000001c8adf18810, 0x000001c8adf15060, 0x000001c8adf164a0,
0x000001c8adf16ec0, 0x000001c8af86d9a0, 0x000001c8af872080, 0x000001c8af86d490,
0x000001c8af86f800, 0x000001c8af870730, 0x000001c8af86e8d0, 0x000001c8af86ede0,
0x000001c8af871b70, 0x000001c8af86fd10, 0x000001c8af86bb40, 0x000001c8af871660,
0x000001c8af86e3c0, 0x000001c8af86cf80, 0x000001c8af86c050, 0x000001c8af86c560,
0x000001c8af86f2f0, 0x000001c8af870c40, 0x000001c8af870220, 0x000001c8af872590,
0x000001c8af871150, 0x000001c8af6b1290, 0x000001c8af6b4f50, 0x000001c8af6b17a0,
0x000001c8af6b1cb0, 0x000001c8af6b68a0, 0x000001c8af6b5460, 0x000001c8af6b21c0,
0x000001c8af6b4a40, 0x000001c8af6b5e80, 0x000001c8af6b72c0, 0x000001c8af6b6390,
0x000001c8af6b6db0, 0x000001c8af6b26d0, 0x000001c8af6b3600, 0x000001c8af6b5970,
0x000001c8af6b77d0, 0x000001c8af6b3b10, 0x000001c8af6b2be0, 0x000001c8af6b0360,
0x000001c8af6b4020, 0x000001c8af6b4530, 0x000001c8af6b7ce0, 0x000001c8af6b0870,
0x000001c8af6b0d80, 0x000001c8ae51fed0, 0x000001c8ae51b2e0, 0x000001c8ae51ea90,
0x000001c8ae5208f0, 0x000001c8ae51b7f0, 0x000001c8ae51bd00, 0x000001c8ae51d650,
0x000001c8ae51c210, 0x000001c8ae51cc30, 0x000001c8ae51c720, 0x000001c8ae51f9c0,
0x000001c8ae51db60, 0x000001c8ae51e070, 0x000001c8ae519990, 0x000001c8ae51e580,
0x000001c8ae51efa0
}

Java Threads: ( => current thread )
  0x000001c8f699a8b0 JavaThread "main" [_thread_blocked, id=15680, stack(0x000000c600100000,0x000000c600200000)]
  0x000001c892bfbc50 JavaThread "Reference Handler" daemon [_thread_blocked, id=7332, stack(0x000000c600900000,0x000000c600a00000)]
  0x000001c892bfc9e0 JavaThread "Finalizer" daemon [_thread_blocked, id=12400, stack(0x000000c600a00000,0x000000c600b00000)]
  0x000001c892c11db0 JavaThread "Signal Dispatcher" daemon [_thread_blocked, id=15480, stack(0x000000c600b00000,0x000000c600c00000)]
  0x000001c892c14690 JavaThread "Attach Listener" daemon [_thread_blocked, id=15584, stack(0x000000c600c00000,0x000000c600d00000)]
  0x000001c892c15f70 JavaThread "Service Thread" daemon [_thread_blocked, id=16188, stack(0x000000c600d00000,0x000000c600e00000)]
  0x000001c892c16840 JavaThread "Monitor Deflation Thread" daemon [_thread_blocked, id=5156, stack(0x000000c600e00000,0x000000c600f00000)]
=>0x000001c892c17440 JavaThread "C2 CompilerThread0" daemon [_thread_in_native, id=7908, stack(0x000000c600f00000,0x000000c601000000)]
  0x000001c892c17e00 JavaThread "C1 CompilerThread0" daemon [_thread_in_vm, id=1084, stack(0x000000c601000000,0x000000c601100000)]
  0x000001c8ac0187f0 JavaThread "Sweeper thread" daemon [_thread_blocked, id=4828, stack(0x000000c601100000,0x000000c601200000)]
  0x000001c892be5ca0 JavaThread "Common-Cleaner" daemon [_thread_blocked, id=12360, stack(0x000000c601200000,0x000000c601300000)]
  0x000001c8ac144eb0 JavaThread "Notification Thread" daemon [_thread_blocked, id=9716, stack(0x000000c601300000,0x000000c601400000)]
  0x000001c8adc34830 JavaThread "Daemon health stats" [_thread_blocked, id=15536, stack(0x000000c601500000,0x000000c601600000)]
  0x000001c8adb5a7f0 JavaThread "Incoming local TCP Connector on port 64628" [_thread_in_native, id=6324, stack(0x000000c601900000,0x000000c601a00000)]
  0x000001c8adc3ae90 JavaThread "Daemon periodic checks" [_thread_blocked, id=11976, stack(0x000000c601a00000,0x000000c601b00000)]
  0x000001c8adee9610 JavaThread "Daemon" [_thread_blocked, id=4396, stack(0x000000c601b00000,0x000000c601c00000)]
  0x000001c8adee7860 JavaThread "Handler for socket connection from /127.0.0.1:64628 to /127.0.0.1:64629" [_thread_in_native, id=10176, stack(0x000000c601c00000,0x000000c601d00000)]
  0x000001c8adf15a80 JavaThread "Cancel handler" [_thread_blocked, id=14748, stack(0x000000c601d00000,0x000000c601e00000)]
  0x000001c8adf169b0 JavaThread "Daemon worker" [_thread_blocked, id=15108, stack(0x000000c601e00000,0x000000c601f00000)]
  0x000001c8adf17df0 JavaThread "Asynchronous log dispatcher for DefaultDaemonConnection: socket connection from /127.0.0.1:64628 to /127.0.0.1:64629" [_thread_blocked, id=1168, stack(0x000000c601f00000,0x000000c602000000)]
  0x000001c8adf15f90 JavaThread "Stdin handler" [_thread_blocked, id=8872, stack(0x000000c602000000,0x000000c602100000)]
  0x000001c8adf173d0 JavaThread "Daemon client event forwarder" [_thread_blocked, id=7016, stack(0x000000c602100000,0x000000c602200000)]
  0x000001c8adf178e0 JavaThread "Cache worker for journal cache (C:\Users\pc33\.gradle\caches\journal-1)" [_thread_blocked, id=8188, stack(0x000000c602200000,0x000000c602300000)]
  0x000001c8adf15570 JavaThread "File lock request listener" [_thread_in_native, id=11160, stack(0x000000c602400000,0x000000c602500000)]
  0x000001c8adf18300 JavaThread "Cache worker for file hash cache (C:\Users\pc33\.gradle\caches\8.10.2\fileHashes)" [_thread_blocked, id=10364, stack(0x000000c602500000,0x000000c602600000)]
  0x000001c8adf18810 JavaThread "Cache worker for file hash cache (C:\workspace\MyUnity\team1\team1\.gradle\8.10.2\fileHashes)" [_thread_blocked, id=4356, stack(0x000000c602600000,0x000000c602700000)]
  0x000001c8adf15060 JavaThread "Cache worker for Build Output Cleanup Cache (C:\workspace\MyUnity\team1\team1\.gradle\buildOutputCleanup)" [_thread_blocked, id=9692, stack(0x000000c602700000,0x000000c602800000)]
  0x000001c8adf164a0 JavaThread "File watcher server" daemon [_thread_in_native, id=12104, stack(0x000000c602800000,0x000000c602900000)]
  0x000001c8adf16ec0 JavaThread "File watcher consumer" daemon [_thread_blocked, id=4788, stack(0x000000c602900000,0x000000c602a00000)]
  0x000001c8af86d9a0 JavaThread "Cache worker for checksums cache (C:\workspace\MyUnity\team1\team1\.gradle\8.10.2\checksums)" [_thread_blocked, id=13612, stack(0x000000c602a00000,0x000000c602b00000)]
  0x000001c8af872080 JavaThread "Cache worker for file content cache (C:\Users\pc33\.gradle\caches\8.10.2\fileContent)" [_thread_blocked, id=16152, stack(0x000000c602b00000,0x000000c602c00000)]
  0x000001c8af86d490 JavaThread "Cache worker for cache directory md-rule (C:\Users\pc33\.gradle\caches\8.10.2\md-rule)" [_thread_blocked, id=15432, stack(0x000000c602c00000,0x000000c602d00000)]
  0x000001c8af86f800 JavaThread "Cache worker for cache directory md-supplier (C:\Users\pc33\.gradle\caches\8.10.2\md-supplier)" [_thread_blocked, id=6732, stack(0x000000c602d00000,0x000000c602e00000)]
  0x000001c8af870730 JavaThread "jar transforms" [_thread_blocked, id=900, stack(0x000000c602e00000,0x000000c602f00000)]
  0x000001c8af86e8d0 JavaThread "jar transforms Thread 2" [_thread_blocked, id=11452, stack(0x000000c602f00000,0x000000c603000000)]
  0x000001c8af86ede0 JavaThread "jar transforms Thread 3" [_thread_blocked, id=15908, stack(0x000000c603000000,0x000000c603100000)]
  0x000001c8af871b70 JavaThread "jar transforms Thread 4" [_thread_blocked, id=15736, stack(0x000000c603100000,0x000000c603200000)]
  0x000001c8af86fd10 JavaThread "Unconstrained build operations" [_thread_blocked, id=10376, stack(0x000000c603300000,0x000000c603400000)]
  0x000001c8af86bb40 JavaThread "Unconstrained build operations Thread 2" [_thread_blocked, id=7732, stack(0x000000c603400000,0x000000c603500000)]
  0x000001c8af871660 JavaThread "Unconstrained build operations Thread 3" [_thread_blocked, id=16308, stack(0x000000c603500000,0x000000c603600000)]
  0x000001c8af86e3c0 JavaThread "Unconstrained build operations Thread 4" [_thread_blocked, id=15252, stack(0x000000c602300000,0x000000c602400000)]
  0x000001c8af86cf80 JavaThread "Unconstrained build operations Thread 5" [_thread_blocked, id=13696, stack(0x000000c603600000,0x000000c603700000)]
  0x000001c8af86c050 JavaThread "Unconstrained build operations Thread 6" [_thread_blocked, id=3472, stack(0x000000c603700000,0x000000c603800000)]
  0x000001c8af86c560 JavaThread "Unconstrained build operations Thread 7" [_thread_blocked, id=15808, stack(0x000000c603800000,0x000000c603900000)]
  0x000001c8af86f2f0 JavaThread "Unconstrained build operations Thread 8" [_thread_blocked, id=6688, stack(0x000000c603900000,0x000000c603a00000)]
  0x000001c8af870c40 JavaThread "Unconstrained build operations Thread 9" [_thread_blocked, id=15148, stack(0x000000c603a00000,0x000000c603b00000)]
  0x000001c8af870220 JavaThread "Memory manager" [_thread_blocked, id=12428, stack(0x000000c603c00000,0x000000c603d00000)]
  0x000001c8af872590 JavaThread "ForkJoinPool.commonPool-worker-1" daemon [_thread_blocked, id=16164, stack(0x000000c603d00000,0x000000c603e00000)]
  0x000001c8af871150 JavaThread "ForkJoinPool.commonPool-worker-2" daemon [_thread_blocked, id=6432, stack(0x000000c603e00000,0x000000c603f00000)]
  0x000001c8af6b1290 JavaThread "Exec process" [_thread_in_native, id=10748, stack(0x000000c604000000,0x000000c604100000)]
  0x000001c8af6b4f50 JavaThread "Exec process Thread 2" [_thread_blocked, id=14164, stack(0x000000c604100000,0x000000c604200000)]
  0x000001c8af6b17a0 JavaThread "Exec process Thread 3" [_thread_in_native, id=9892, stack(0x000000c604200000,0x000000c604300000)]
  0x000001c8af6b1cb0 JavaThread "Unconstrained build operations Thread 10" [_thread_blocked, id=6080, stack(0x000000c603b00000,0x000000c603c00000)]
  0x000001c8af6b68a0 JavaThread "Unconstrained build operations Thread 11" [_thread_blocked, id=7000, stack(0x000000c604300000,0x000000c604400000)]
  0x000001c8af6b5460 JavaThread "Unconstrained build operations Thread 12" [_thread_blocked, id=9784, stack(0x000000c604500000,0x000000c604600000)]
  0x000001c8af6b21c0 JavaThread "Unconstrained build operations Thread 13" [_thread_blocked, id=2280, stack(0x000000c604600000,0x000000c604700000)]
  0x000001c8af6b4a40 JavaThread "Unconstrained build operations Thread 14" [_thread_blocked, id=6896, stack(0x000000c604700000,0x000000c604800000)]
  0x000001c8af6b5e80 JavaThread "Unconstrained build operations Thread 15" [_thread_blocked, id=1276, stack(0x000000c604800000,0x000000c604900000)]
  0x000001c8af6b72c0 JavaThread "Unconstrained build operations Thread 16" [_thread_blocked, id=3204, stack(0x000000c604900000,0x000000c604a00000)]
  0x000001c8af6b6390 JavaThread "Unconstrained build operations Thread 17" [_thread_blocked, id=13660, stack(0x000000c604a00000,0x000000c604b00000)]
  0x000001c8af6b6db0 JavaThread "Unconstrained build operations Thread 18" [_thread_blocked, id=9796, stack(0x000000c604b00000,0x000000c604c00000)]
  0x000001c8af6b26d0 JavaThread "Unconstrained build operations Thread 19" [_thread_blocked, id=5192, stack(0x000000c604c00000,0x000000c604d00000)]
  0x000001c8af6b3600 JavaThread "Unconstrained build operations Thread 20" [_thread_blocked, id=2608, stack(0x000000c604d00000,0x000000c604e00000)]
  0x000001c8af6b5970 JavaThread "Unconstrained build operations Thread 21" [_thread_blocked, id=8152, stack(0x000000c604e00000,0x000000c604f00000)]
  0x000001c8af6b77d0 JavaThread "Unconstrained build operations Thread 22" [_thread_blocked, id=14480, stack(0x000000c604f00000,0x000000c605000000)]
  0x000001c8af6b3b10 JavaThread "Unconstrained build operations Thread 23" [_thread_blocked, id=14108, stack(0x000000c605000000,0x000000c605100000)]
  0x000001c8af6b2be0 JavaThread "Unconstrained build operations Thread 24" [_thread_blocked, id=1448, stack(0x000000c605100000,0x000000c605200000)]
  0x000001c8af6b0360 JavaThread "Unconstrained build operations Thread 25" [_thread_blocked, id=3260, stack(0x000000c605200000,0x000000c605300000)]
  0x000001c8af6b4020 JavaThread "Unconstrained build operations Thread 26" [_thread_blocked, id=15472, stack(0x000000c605300000,0x000000c605400000)]
  0x000001c8af6b4530 JavaThread "Unconstrained build operations Thread 27" [_thread_blocked, id=10108, stack(0x000000c605400000,0x000000c605500000)]
  0x000001c8af6b7ce0 JavaThread "Unconstrained build operations Thread 28" [_thread_blocked, id=5992, stack(0x000000c605500000,0x000000c605600000)]
  0x000001c8af6b0870 JavaThread "Unconstrained build operations Thread 29" [_thread_blocked, id=3656, stack(0x000000c605600000,0x000000c605700000)]
  0x000001c8af6b0d80 JavaThread "Unconstrained build operations Thread 30" [_thread_blocked, id=7812, stack(0x000000c605700000,0x000000c605800000)]
  0x000001c8ae51fed0 JavaThread "Unconstrained build operations Thread 31" [_thread_blocked, id=11996, stack(0x000000c605800000,0x000000c605900000)]
  0x000001c8ae51b2e0 JavaThread "Unconstrained build operations Thread 32" [_thread_blocked, id=7988, stack(0x000000c605900000,0x000000c605a00000)]
  0x000001c8ae51ea90 JavaThread "Unconstrained build operations Thread 33" [_thread_blocked, id=2248, stack(0x000000c605a00000,0x000000c605b00000)]
  0x000001c8ae5208f0 JavaThread "Unconstrained build operations Thread 34" [_thread_blocked, id=8104, stack(0x000000c605b00000,0x000000c605c00000)]
  0x000001c8ae51b7f0 JavaThread "Unconstrained build operations Thread 35" [_thread_blocked, id=13324, stack(0x000000c605c00000,0x000000c605d00000)]
  0x000001c8ae51bd00 JavaThread "Unconstrained build operations Thread 36" [_thread_blocked, id=6344, stack(0x000000c605d00000,0x000000c605e00000)]
  0x000001c8ae51d650 JavaThread "Unconstrained build operations Thread 37" [_thread_blocked, id=10840, stack(0x000000c605e00000,0x000000c605f00000)]
  0x000001c8ae51c210 JavaThread "Unconstrained build operations Thread 38" [_thread_blocked, id=10580, stack(0x000000c605f00000,0x000000c606000000)]
  0x000001c8ae51cc30 JavaThread "Unconstrained build operations Thread 39" [_thread_blocked, id=9580, stack(0x000000c606000000,0x000000c606100000)]
  0x000001c8ae51c720 JavaThread "Unconstrained build operations Thread 40" [_thread_blocked, id=14936, stack(0x000000c606100000,0x000000c606200000)]
  0x000001c8ae51f9c0 JavaThread "File lock release action executor" [_thread_blocked, id=14732, stack(0x000000c604400000,0x000000c604500000)]
  0x000001c8ae51db60 JavaThread "included builds" [_thread_blocked, id=11004, stack(0x000000c606500000,0x000000c606600000)]
  0x000001c8ae51e070 JavaThread "Execution worker" [_thread_blocked, id=11236, stack(0x000000c606600000,0x000000c606700000)]
  0x000001c8ae519990 JavaThread "Execution worker Thread 2" [_thread_blocked, id=10928, stack(0x000000c606700000,0x000000c606800000)]
  0x000001c8ae51e580 JavaThread "Execution worker Thread 3" [_thread_blocked, id=7076, stack(0x000000c606800000,0x000000c606900000)]
  0x000001c8ae51efa0 JavaThread "Cache worker for execution history cache (C:\workspace\MyUnity\team1\team1\.gradle\8.10.2\executionHistory)" [_thread_blocked, id=11980, stack(0x000000c606900000,0x000000c606a00000)]

Other Threads:
  0x000001c892bf7ce0 VMThread "VM Thread" [stack: 0x000000c600800000,0x000000c600900000] [id=9248] _threads_hazard_ptr=0x000001c8aeacf6a0
  0x000001c8f699b520 WatcherThread [stack: 0x000000c601400000,0x000000c601500000] [id=2380]
  0x000001c8f69c8360 GCTaskThread "GC Thread#0" [stack: 0x000000c600300000,0x000000c600400000] [id=7784]
  0x000001c8ac201480 GCTaskThread "GC Thread#1" [stack: 0x000000c601600000,0x000000c601700000] [id=9748]
  0x000001c8ac201740 GCTaskThread "GC Thread#2" [stack: 0x000000c601700000,0x000000c601800000] [id=1252]
  0x000001c8ac201a00 GCTaskThread "GC Thread#3" [stack: 0x000000c601800000,0x000000c601900000] [id=6536]
  0x000001c8f69cd1c0 ConcurrentGCThread "G1 Main Marker" [stack: 0x000000c600400000,0x000000c600500000] [id=1980]
  0x000001c8f69ceb00 ConcurrentGCThread "G1 Conc#0" [stack: 0x000000c600500000,0x000000c600600000] [id=13340]
  0x000001c8f6a5dc50 ConcurrentGCThread "G1 Refine#0" [stack: 0x000000c600600000,0x000000c600700000] [id=15756]
  0x000001c8ad3367f0 ConcurrentGCThread "G1 Refine#1" [stack: 0x000000c603200000,0x000000c603300000] [id=14944]
  0x000001c8acced870 ConcurrentGCThread "G1 Refine#2" [stack: 0x000000c606200000,0x000000c606300000] [id=6672]
  0x000001c8acceed00 ConcurrentGCThread "G1 Refine#3" [stack: 0x000000c606300000,0x000000c606400000] [id=8264]
  0x000001c8f6a5e590 ConcurrentGCThread "G1 Service" [stack: 0x000000c600700000,0x000000c600800000] [id=9072]

Threads with active compile tasks:
C2 CompilerThread0    82525 9855       4       org.gradle.internal.logging.text.AbstractLineChoppingStyledTextOutput::doAppend (43 bytes)
C1 CompilerThread0    82526 9857       3       java.io.PrintStream::print (9 bytes)

VM state: synchronizing (normal execution)

VM Mutex/Monitor currently owned by a thread:  ([mutex/lock_event])
[0x000001c8f69951c0] Threads_lock - owner thread: 0x000001c892bf7ce0

Heap address: 0x00000000e0000000, size: 512 MB, Compressed Oops mode: 32-bit

CDS archive(s) mapped at: [0x000001c893000000-0x000001c893bb0000-0x000001c893bb0000), size 12255232, SharedBaseAddress: 0x000001c893000000, ArchiveRelocationMode: 1.
Compressed class space mapped at: 0x000001c894000000-0x000001c8a8000000, reserved size: 335544320
Narrow klass base: 0x000001c893000000, Narrow klass shift: 0, Narrow klass range: 0x100000000

GC Precious Log:
 CPUs: 4 total, 4 available
 Memory: 16270M
 Large Page Support: Disabled
 NUMA Support: Disabled
 Compressed Oops: Enabled (32-bit)
 Heap Region Size: 1M
 Heap Min Capacity: 256M
 Heap Initial Capacity: 256M
 Heap Max Capacity: 512M
 Pre-touch: Disabled
 Parallel Workers: 4
 Concurrent Workers: 1
 Concurrent Refinement Workers: 4
 Periodic GC: Disabled

Heap:
 garbage-first heap   total 262144K, used 165851K [0x00000000e0000000, 0x0000000100000000)
  region size 1024K, 131 young (134144K), 20 survivors (20480K)
 Metaspace       used 58151K, committed 58816K, reserved 393216K
  class space    used 8218K, committed 8512K, reserved 327680K

Heap Regions: E=young(eden), S=young(survivor), O=old, HS=humongous(starts), HC=humongous(continues), CS=collection set, F=free, OA=open archive, CA=closed archive, TAMS=top-at-mark-start (previous, next)
|   0|0x00000000e0000000, 0x00000000e0100000, 0x00000000e0100000|100%|HS|  |TAMS 0x00000000e0100000, 0x00000000e0000000| Complete 
|   1|0x00000000e0100000, 0x00000000e0200000, 0x00000000e0200000|100%|HC|  |TAMS 0x00000000e0200000, 0x00000000e0100000| Complete 
|   2|0x00000000e0200000, 0x00000000e0300000, 0x00000000e0300000|100%|HC|  |TAMS 0x00000000e0300000, 0x00000000e0200000| Complete 
|   3|0x00000000e0300000, 0x00000000e0400000, 0x00000000e0400000|100%|HC|  |TAMS 0x00000000e0400000, 0x00000000e0300000| Complete 
|   4|0x00000000e0400000, 0x00000000e0500000, 0x00000000e0500000|100%| O|  |TAMS 0x00000000e0500000, 0x00000000e0400000| Untracked 
|   5|0x00000000e0500000, 0x00000000e0600000, 0x00000000e0600000|100%| O|  |TAMS 0x00000000e0600000, 0x00000000e0500000| Untracked 
|   6|0x00000000e0600000, 0x00000000e0700000, 0x00000000e0700000|100%| O|  |TAMS 0x00000000e0700000, 0x00000000e0600000| Untracked 
|   7|0x00000000e0700000, 0x00000000e0800000, 0x00000000e0800000|100%| O|  |TAMS 0x00000000e0800000, 0x00000000e0700000| Untracked 
|   8|0x00000000e0800000, 0x00000000e0900000, 0x00000000e0900000|100%|HS|  |TAMS 0x00000000e0900000, 0x00000000e0800000| Complete 
|   9|0x00000000e0900000, 0x00000000e0a00000, 0x00000000e0a00000|100%| O|  |TAMS 0x00000000e0a00000, 0x00000000e0900000| Untracked 
|  10|0x00000000e0a00000, 0x00000000e0b00000, 0x00000000e0b00000|100%| O|  |TAMS 0x00000000e0b00000, 0x00000000e0a00000| Untracked 
|  11|0x00000000e0b00000, 0x00000000e0c00000, 0x00000000e0c00000|100%| O|  |TAMS 0x00000000e0c00000, 0x00000000e0b00000| Untracked 
|  12|0x00000000e0c00000, 0x00000000e0d00000, 0x00000000e0d00000|100%| O|  |TAMS 0x00000000e0d00000, 0x00000000e0c00000| Untracked 
|  13|0x00000000e0d00000, 0x00000000e0e00000, 0x00000000e0e00000|100%| O|  |TAMS 0x00000000e0e00000, 0x00000000e0d00000| Untracked 
|  14|0x00000000e0e00000, 0x00000000e0f00000, 0x00000000e0f00000|100%| O|  |TAMS 0x00000000e0f00000, 0x00000000e0e00000| Untracked 
|  15|0x00000000e0f00000, 0x00000000e1000000, 0x00000000e1000000|100%| O|  |TAMS 0x00000000e1000000, 0x00000000e0f00000| Untracked 
|  16|0x00000000e1000000, 0x00000000e1100000, 0x00000000e1100000|100%| O|  |TAMS 0x00000000e1100000, 0x00000000e1000000| Untracked 
|  17|0x00000000e1100000, 0x00000000e1200000, 0x00000000e1200000|100%| O|  |TAMS 0x00000000e1200000, 0x00000000e1100000| Untracked 
|  18|0x00000000e1200000, 0x00000000e1300000, 0x00000000e1300000|100%| O|  |TAMS 0x00000000e1300000, 0x00000000e1200000| Untracked 
|  19|0x00000000e1300000, 0x00000000e1400000, 0x00000000e1400000|100%| O|  |TAMS 0x00000000e1400000, 0x00000000e1300000| Untracked 
|  20|0x00000000e1400000, 0x00000000e1500000, 0x00000000e1500000|100%| O|  |TAMS 0x00000000e1500000, 0x00000000e1400000| Untracked 
|  21|0x00000000e1500000, 0x00000000e1600000, 0x00000000e1600000|100%| O|  |TAMS 0x00000000e1600000, 0x00000000e1500000| Untracked 
|  22|0x00000000e1600000, 0x00000000e1700000, 0x00000000e1700000|100%| O|  |TAMS 0x00000000e16b8600, 0x00000000e1600000| Untracked 
|  23|0x00000000e1700000, 0x00000000e1800000, 0x00000000e1800000|100%| O|  |TAMS 0x00000000e1700000, 0x00000000e1700000| Untracked 
|  24|0x00000000e1800000, 0x00000000e1900000, 0x00000000e1900000|100%| O|  |TAMS 0x00000000e1800000, 0x00000000e1800000| Untracked 
|  25|0x00000000e1900000, 0x00000000e1a00000, 0x00000000e1a00000|100%| O|  |TAMS 0x00000000e1900000, 0x00000000e1900000| Untracked 
|  26|0x00000000e1a00000, 0x00000000e1b00000, 0x00000000e1b00000|100%| O|  |TAMS 0x00000000e1a00000, 0x00000000e1a00000| Untracked 
|  27|0x00000000e1b00000, 0x00000000e1c00000, 0x00000000e1c00000|100%| O|  |TAMS 0x00000000e1b00000, 0x00000000e1b00000| Untracked 
|  28|0x00000000e1c00000, 0x00000000e1d00000, 0x00000000e1d00000|100%| O|  |TAMS 0x00000000e1c00000, 0x00000000e1c00000| Untracked 
|  29|0x00000000e1d00000, 0x00000000e1e00000, 0x00000000e1e00000|100%| O|  |TAMS 0x00000000e1d00000, 0x00000000e1d00000| Untracked 
|  30|0x00000000e1e00000, 0x00000000e1f00000, 0x00000000e1f00000|100%| O|  |TAMS 0x00000000e1e00000, 0x00000000e1e00000| Untracked 
|  31|0x00000000e1f00000, 0x00000000e1ff6e00, 0x00000000e2000000| 96%| O|  |TAMS 0x00000000e1f00000, 0x00000000e1f00000| Untracked 
|  32|0x00000000e2000000, 0x00000000e2000000, 0x00000000e2100000|  0%| F|  |TAMS 0x00000000e2000000, 0x00000000e2000000| Untracked 
|  33|0x00000000e2100000, 0x00000000e2100000, 0x00000000e2200000|  0%| F|  |TAMS 0x00000000e2100000, 0x00000000e2100000| Untracked 
|  34|0x00000000e2200000, 0x00000000e2200000, 0x00000000e2300000|  0%| F|  |TAMS 0x00000000e2200000, 0x00000000e2200000| Untracked 
|  35|0x00000000e2300000, 0x00000000e2300000, 0x00000000e2400000|  0%| F|  |TAMS 0x00000000e2300000, 0x00000000e2300000| Untracked 
|  36|0x00000000e2400000, 0x00000000e2400000, 0x00000000e2500000|  0%| F|  |TAMS 0x00000000e2400000, 0x00000000e2400000| Untracked 
|  37|0x00000000e2500000, 0x00000000e2500000, 0x00000000e2600000|  0%| F|  |TAMS 0x00000000e2500000, 0x00000000e2500000| Untracked 
|  38|0x00000000e2600000, 0x00000000e2600000, 0x00000000e2700000|  0%| F|  |TAMS 0x00000000e2600000, 0x00000000e2600000| Untracked 
|  39|0x00000000e2700000, 0x00000000e2700000, 0x00000000e2800000|  0%| F|  |TAMS 0x00000000e2700000, 0x00000000e2700000| Untracked 
|  40|0x00000000e2800000, 0x00000000e2800000, 0x00000000e2900000|  0%| F|  |TAMS 0x00000000e2800000, 0x00000000e2800000| Untracked 
|  41|0x00000000e2900000, 0x00000000e2900000, 0x00000000e2a00000|  0%| F|  |TAMS 0x00000000e2900000, 0x00000000e2900000| Untracked 
|  42|0x00000000e2a00000, 0x00000000e2a00000, 0x00000000e2b00000|  0%| F|  |TAMS 0x00000000e2a00000, 0x00000000e2a00000| Untracked 
|  43|0x00000000e2b00000, 0x00000000e2b00000, 0x00000000e2c00000|  0%| F|  |TAMS 0x00000000e2b00000, 0x00000000e2b00000| Untracked 
|  44|0x00000000e2c00000, 0x00000000e2c00000, 0x00000000e2d00000|  0%| F|  |TAMS 0x00000000e2c00000, 0x00000000e2c00000| Untracked 
|  45|0x00000000e2d00000, 0x00000000e2d00000, 0x00000000e2e00000|  0%| F|  |TAMS 0x00000000e2d00000, 0x00000000e2d00000| Untracked 
|  46|0x00000000e2e00000, 0x00000000e2e00000, 0x00000000e2f00000|  0%| F|  |TAMS 0x00000000e2e00000, 0x00000000e2e00000| Untracked 
|  47|0x00000000e2f00000, 0x00000000e2f00000, 0x00000000e3000000|  0%| F|  |TAMS 0x00000000e2f00000, 0x00000000e2f00000| Untracked 
|  48|0x00000000e3000000, 0x00000000e3000000, 0x00000000e3100000|  0%| F|  |TAMS 0x00000000e3000000, 0x00000000e3000000| Untracked 
|  49|0x00000000e3100000, 0x00000000e3100000, 0x00000000e3200000|  0%| F|  |TAMS 0x00000000e3100000, 0x00000000e3100000| Untracked 
|  50|0x00000000e3200000, 0x00000000e3200000, 0x00000000e3300000|  0%| F|  |TAMS 0x00000000e3200000, 0x00000000e3200000| Untracked 
|  51|0x00000000e3300000, 0x00000000e3300000, 0x00000000e3400000|  0%| F|  |TAMS 0x00000000e3300000, 0x00000000e3300000| Untracked 
|  52|0x00000000e3400000, 0x00000000e3400000, 0x00000000e3500000|  0%| F|  |TAMS 0x00000000e3400000, 0x00000000e3400000| Untracked 
|  53|0x00000000e3500000, 0x00000000e3500000, 0x00000000e3600000|  0%| F|  |TAMS 0x00000000e3500000, 0x00000000e3500000| Untracked 
|  54|0x00000000e3600000, 0x00000000e3600000, 0x00000000e3700000|  0%| F|  |TAMS 0x00000000e3600000, 0x00000000e3600000| Untracked 
|  55|0x00000000e3700000, 0x00000000e3700000, 0x00000000e3800000|  0%| F|  |TAMS 0x00000000e3700000, 0x00000000e3700000| Untracked 
|  56|0x00000000e3800000, 0x00000000e3800000, 0x00000000e3900000|  0%| F|  |TAMS 0x00000000e3800000, 0x00000000e3800000| Untracked 
|  57|0x00000000e3900000, 0x00000000e3900000, 0x00000000e3a00000|  0%| F|  |TAMS 0x00000000e3900000, 0x00000000e3900000| Untracked 
|  58|0x00000000e3a00000, 0x00000000e3a00000, 0x00000000e3b00000|  0%| F|  |TAMS 0x00000000e3a00000, 0x00000000e3a00000| Untracked 
|  59|0x00000000e3b00000, 0x00000000e3b00000, 0x00000000e3c00000|  0%| F|  |TAMS 0x00000000e3b00000, 0x00000000e3b00000| Untracked 
|  60|0x00000000e3c00000, 0x00000000e3c00000, 0x00000000e3d00000|  0%| F|  |TAMS 0x00000000e3c00000, 0x00000000e3c00000| Untracked 
|  61|0x00000000e3d00000, 0x00000000e3d00000, 0x00000000e3e00000|  0%| F|  |TAMS 0x00000000e3d00000, 0x00000000e3d00000| Untracked 
|  62|0x00000000e3e00000, 0x00000000e3e00000, 0x00000000e3f00000|  0%| F|  |TAMS 0x00000000e3e00000, 0x00000000e3e00000| Untracked 
|  63|0x00000000e3f00000, 0x00000000e3f00000, 0x00000000e4000000|  0%| F|  |TAMS 0x00000000e3f00000, 0x00000000e3f00000| Untracked 
|  64|0x00000000e4000000, 0x00000000e4000000, 0x00000000e4100000|  0%| F|  |TAMS 0x00000000e4000000, 0x00000000e4000000| Untracked 
|  65|0x00000000e4100000, 0x00000000e4100000, 0x00000000e4200000|  0%| F|  |TAMS 0x00000000e4100000, 0x00000000e4100000| Untracked 
|  66|0x00000000e4200000, 0x00000000e4200000, 0x00000000e4300000|  0%| F|  |TAMS 0x00000000e4200000, 0x00000000e4200000| Untracked 
|  67|0x00000000e4300000, 0x00000000e4300000, 0x00000000e4400000|  0%| F|  |TAMS 0x00000000e4300000, 0x00000000e4300000| Untracked 
|  68|0x00000000e4400000, 0x00000000e4400000, 0x00000000e4500000|  0%| F|  |TAMS 0x00000000e4400000, 0x00000000e4400000| Untracked 
|  69|0x00000000e4500000, 0x00000000e4500000, 0x00000000e4600000|  0%| F|  |TAMS 0x00000000e4500000, 0x00000000e4500000| Untracked 
|  70|0x00000000e4600000, 0x00000000e4600000, 0x00000000e4700000|  0%| F|  |TAMS 0x00000000e4600000, 0x00000000e4600000| Untracked 
|  71|0x00000000e4700000, 0x00000000e4700000, 0x00000000e4800000|  0%| F|  |TAMS 0x00000000e4700000, 0x00000000e4700000| Untracked 
|  72|0x00000000e4800000, 0x00000000e4800000, 0x00000000e4900000|  0%| F|  |TAMS 0x00000000e4800000, 0x00000000e4800000| Untracked 
|  73|0x00000000e4900000, 0x00000000e4900000, 0x00000000e4a00000|  0%| F|  |TAMS 0x00000000e4900000, 0x00000000e4900000| Untracked 
|  74|0x00000000e4a00000, 0x00000000e4a00000, 0x00000000e4b00000|  0%| F|  |TAMS 0x00000000e4a00000, 0x00000000e4a00000| Untracked 
|  75|0x00000000e4b00000, 0x00000000e4b00000, 0x00000000e4c00000|  0%| F|  |TAMS 0x00000000e4b00000, 0x00000000e4b00000| Untracked 
|  76|0x00000000e4c00000, 0x00000000e4c00000, 0x00000000e4d00000|  0%| F|  |TAMS 0x00000000e4c00000, 0x00000000e4c00000| Untracked 
|  77|0x00000000e4d00000, 0x00000000e4d00000, 0x00000000e4e00000|  0%| F|  |TAMS 0x00000000e4d00000, 0x00000000e4d00000| Untracked 
|  78|0x00000000e4e00000, 0x00000000e4e00000, 0x00000000e4f00000|  0%| F|  |TAMS 0x00000000e4e00000, 0x00000000e4e00000| Untracked 
|  79|0x00000000e4f00000, 0x00000000e4f00000, 0x00000000e5000000|  0%| F|  |TAMS 0x00000000e4f00000, 0x00000000e4f00000| Untracked 
|  80|0x00000000e5000000, 0x00000000e5000000, 0x00000000e5100000|  0%| F|  |TAMS 0x00000000e5000000, 0x00000000e5000000| Untracked 
|  81|0x00000000e5100000, 0x00000000e5100000, 0x00000000e5200000|  0%| F|  |TAMS 0x00000000e5100000, 0x00000000e5100000| Untracked 
|  82|0x00000000e5200000, 0x00000000e5200000, 0x00000000e5300000|  0%| F|  |TAMS 0x00000000e5200000, 0x00000000e5200000| Untracked 
|  83|0x00000000e5300000, 0x00000000e5400000, 0x00000000e5400000|100%| S|CS|TAMS 0x00000000e5300000, 0x00000000e5300000| Complete 
|  84|0x00000000e5400000, 0x00000000e5500000, 0x00000000e5500000|100%| S|CS|TAMS 0x00000000e5400000, 0x00000000e5400000| Complete 
|  85|0x00000000e5500000, 0x00000000e5600000, 0x00000000e5600000|100%| S|CS|TAMS 0x00000000e5500000, 0x00000000e5500000| Complete 
|  86|0x00000000e5600000, 0x00000000e5600000, 0x00000000e5700000|  0%| F|  |TAMS 0x00000000e5600000, 0x00000000e5600000| Untracked 
|  87|0x00000000e5700000, 0x00000000e5700000, 0x00000000e5800000|  0%| F|  |TAMS 0x00000000e5700000, 0x00000000e5700000| Untracked 
|  88|0x00000000e5800000, 0x00000000e5800000, 0x00000000e5900000|  0%| F|  |TAMS 0x00000000e5800000, 0x00000000e5800000| Untracked 
|  89|0x00000000e5900000, 0x00000000e5900000, 0x00000000e5a00000|  0%| F|  |TAMS 0x00000000e5900000, 0x00000000e5900000| Untracked 
|  90|0x00000000e5a00000, 0x00000000e5a00000, 0x00000000e5b00000|  0%| F|  |TAMS 0x00000000e5a00000, 0x00000000e5a00000| Untracked 
|  91|0x00000000e5b00000, 0x00000000e5b00000, 0x00000000e5c00000|  0%| F|  |TAMS 0x00000000e5b00000, 0x00000000e5b00000| Untracked 
|  92|0x00000000e5c00000, 0x00000000e5c00000, 0x00000000e5d00000|  0%| F|  |TAMS 0x00000000e5c00000, 0x00000000e5c00000| Untracked 
|  93|0x00000000e5d00000, 0x00000000e5d00000, 0x00000000e5e00000|  0%| F|  |TAMS 0x00000000e5d00000, 0x00000000e5d00000| Untracked 
|  94|0x00000000e5e00000, 0x00000000e5e00000, 0x00000000e5f00000|  0%| F|  |TAMS 0x00000000e5e00000, 0x00000000e5e00000| Untracked 
|  95|0x00000000e5f00000, 0x00000000e5f00000, 0x00000000e6000000|  0%| F|  |TAMS 0x00000000e5f00000, 0x00000000e5f00000| Untracked 
|  96|0x00000000e6000000, 0x00000000e6000000, 0x00000000e6100000|  0%| F|  |TAMS 0x00000000e6000000, 0x00000000e6000000| Untracked 
|  97|0x00000000e6100000, 0x00000000e6100000, 0x00000000e6200000|  0%| F|  |TAMS 0x00000000e6100000, 0x00000000e6100000| Untracked 
|  98|0x00000000e6200000, 0x00000000e6200000, 0x00000000e6300000|  0%| F|  |TAMS 0x00000000e6200000, 0x00000000e6200000| Untracked 
|  99|0x00000000e6300000, 0x00000000e6300000, 0x00000000e6400000|  0%| F|  |TAMS 0x00000000e6300000, 0x00000000e6300000| Untracked 
| 100|0x00000000e6400000, 0x00000000e6400000, 0x00000000e6500000|  0%| F|  |TAMS 0x00000000e6400000, 0x00000000e6400000| Untracked 
| 101|0x00000000e6500000, 0x00000000e6500000, 0x00000000e6600000|  0%| F|  |TAMS 0x00000000e6500000, 0x00000000e6500000| Untracked 
| 102|0x00000000e6600000, 0x00000000e6600000, 0x00000000e6700000|  0%| F|  |TAMS 0x00000000e6600000, 0x00000000e6600000| Untracked 
| 103|0x00000000e6700000, 0x00000000e6800000, 0x00000000e6800000|100%| S|CS|TAMS 0x00000000e6700000, 0x00000000e6700000| Complete 
| 104|0x00000000e6800000, 0x00000000e6900000, 0x00000000e6900000|100%| S|CS|TAMS 0x00000000e6800000, 0x00000000e6800000| Complete 
| 105|0x00000000e6900000, 0x00000000e6a00000, 0x00000000e6a00000|100%| S|CS|TAMS 0x00000000e6900000, 0x00000000e6900000| Complete 
| 106|0x00000000e6a00000, 0x00000000e6b00000, 0x00000000e6b00000|100%| S|CS|TAMS 0x00000000e6a00000, 0x00000000e6a00000| Complete 
| 107|0x00000000e6b00000, 0x00000000e6c00000, 0x00000000e6c00000|100%| S|CS|TAMS 0x00000000e6b00000, 0x00000000e6b00000| Complete 
| 108|0x00000000e6c00000, 0x00000000e6d00000, 0x00000000e6d00000|100%| S|CS|TAMS 0x00000000e6c00000, 0x00000000e6c00000| Complete 
| 109|0x00000000e6d00000, 0x00000000e6e00000, 0x00000000e6e00000|100%| S|CS|TAMS 0x00000000e6d00000, 0x00000000e6d00000| Complete 
| 110|0x00000000e6e00000, 0x00000000e6f00000, 0x00000000e6f00000|100%| S|CS|TAMS 0x00000000e6e00000, 0x00000000e6e00000| Complete 
| 111|0x00000000e6f00000, 0x00000000e7000000, 0x00000000e7000000|100%| S|CS|TAMS 0x00000000e6f00000, 0x00000000e6f00000| Complete 
| 112|0x00000000e7000000, 0x00000000e7100000, 0x00000000e7100000|100%| S|CS|TAMS 0x00000000e7000000, 0x00000000e7000000| Complete 
| 113|0x00000000e7100000, 0x00000000e7200000, 0x00000000e7200000|100%| S|CS|TAMS 0x00000000e7100000, 0x00000000e7100000| Complete 
| 114|0x00000000e7200000, 0x00000000e7300000, 0x00000000e7300000|100%| S|CS|TAMS 0x00000000e7200000, 0x00000000e7200000| Complete 
| 115|0x00000000e7300000, 0x00000000e7400000, 0x00000000e7400000|100%| S|CS|TAMS 0x00000000e7300000, 0x00000000e7300000| Complete 
| 116|0x00000000e7400000, 0x00000000e7500000, 0x00000000e7500000|100%| S|CS|TAMS 0x00000000e7400000, 0x00000000e7400000| Complete 
| 117|0x00000000e7500000, 0x00000000e7600000, 0x00000000e7600000|100%| S|CS|TAMS 0x00000000e7500000, 0x00000000e7500000| Complete 
| 118|0x00000000e7600000, 0x00000000e7700000, 0x00000000e7700000|100%| S|CS|TAMS 0x00000000e7600000, 0x00000000e7600000| Complete 
| 119|0x00000000e7700000, 0x00000000e7800000, 0x00000000e7800000|100%| S|CS|TAMS 0x00000000e7700000, 0x00000000e7700000| Complete 
| 120|0x00000000e7800000, 0x00000000e7800000, 0x00000000e7900000|  0%| F|  |TAMS 0x00000000e7800000, 0x00000000e7800000| Untracked 
| 121|0x00000000e7900000, 0x00000000e7900000, 0x00000000e7a00000|  0%| F|  |TAMS 0x00000000e7900000, 0x00000000e7900000| Untracked 
| 122|0x00000000e7a00000, 0x00000000e7a00000, 0x00000000e7b00000|  0%| F|  |TAMS 0x00000000e7a00000, 0x00000000e7a00000| Untracked 
| 123|0x00000000e7b00000, 0x00000000e7b00000, 0x00000000e7c00000|  0%| F|  |TAMS 0x00000000e7b00000, 0x00000000e7b00000| Untracked 
| 124|0x00000000e7c00000, 0x00000000e7c00000, 0x00000000e7d00000|  0%| F|  |TAMS 0x00000000e7c00000, 0x00000000e7c00000| Untracked 
| 125|0x00000000e7d00000, 0x00000000e7d00000, 0x00000000e7e00000|  0%| F|  |TAMS 0x00000000e7d00000, 0x00000000e7d00000| Untracked 
| 126|0x00000000e7e00000, 0x00000000e7e00000, 0x00000000e7f00000|  0%| F|  |TAMS 0x00000000e7e00000, 0x00000000e7e00000| Untracked 
| 127|0x00000000e7f00000, 0x00000000e7f00000, 0x00000000e8000000|  0%| F|  |TAMS 0x00000000e7f00000, 0x00000000e7f00000| Untracked 
| 128|0x00000000e8000000, 0x00000000e8000000, 0x00000000e8100000|  0%| F|  |TAMS 0x00000000e8000000, 0x00000000e8000000| Untracked 
| 129|0x00000000e8100000, 0x00000000e8100000, 0x00000000e8200000|  0%| F|  |TAMS 0x00000000e8100000, 0x00000000e8100000| Untracked 
| 130|0x00000000e8200000, 0x00000000e8200000, 0x00000000e8300000|  0%| F|  |TAMS 0x00000000e8200000, 0x00000000e8200000| Untracked 
| 131|0x00000000e8300000, 0x00000000e8300000, 0x00000000e8400000|  0%| F|  |TAMS 0x00000000e8300000, 0x00000000e8300000| Untracked 
| 132|0x00000000e8400000, 0x00000000e8400000, 0x00000000e8500000|  0%| F|  |TAMS 0x00000000e8400000, 0x00000000e8400000| Untracked 
| 133|0x00000000e8500000, 0x00000000e8500000, 0x00000000e8600000|  0%| F|  |TAMS 0x00000000e8500000, 0x00000000e8500000| Untracked 
| 134|0x00000000e8600000, 0x00000000e8600000, 0x00000000e8700000|  0%| F|  |TAMS 0x00000000e8600000, 0x00000000e8600000| Untracked 
| 135|0x00000000e8700000, 0x00000000e8700000, 0x00000000e8800000|  0%| F|  |TAMS 0x00000000e8700000, 0x00000000e8700000| Untracked 
| 136|0x00000000e8800000, 0x00000000e8800000, 0x00000000e8900000|  0%| F|  |TAMS 0x00000000e8800000, 0x00000000e8800000| Untracked 
| 137|0x00000000e8900000, 0x00000000e8900000, 0x00000000e8a00000|  0%| F|  |TAMS 0x00000000e8900000, 0x00000000e8900000| Untracked 
| 138|0x00000000e8a00000, 0x00000000e8a00000, 0x00000000e8b00000|  0%| F|  |TAMS 0x00000000e8a00000, 0x00000000e8a00000| Untracked 
| 139|0x00000000e8b00000, 0x00000000e8b00000, 0x00000000e8c00000|  0%| F|  |TAMS 0x00000000e8b00000, 0x00000000e8b00000| Untracked 
| 140|0x00000000e8c00000, 0x00000000e8c00000, 0x00000000e8d00000|  0%| F|  |TAMS 0x00000000e8c00000, 0x00000000e8c00000| Untracked 
| 141|0x00000000e8d00000, 0x00000000e8d00000, 0x00000000e8e00000|  0%| F|  |TAMS 0x00000000e8d00000, 0x00000000e8d00000| Untracked 
| 142|0x00000000e8e00000, 0x00000000e8e00000, 0x00000000e8f00000|  0%| F|  |TAMS 0x00000000e8e00000, 0x00000000e8e00000| Untracked 
| 143|0x00000000e8f00000, 0x00000000e8f00000, 0x00000000e9000000|  0%| F|  |TAMS 0x00000000e8f00000, 0x00000000e8f00000| Untracked 
| 144|0x00000000e9000000, 0x00000000e9000000, 0x00000000e9100000|  0%| F|  |TAMS 0x00000000e9000000, 0x00000000e9000000| Untracked 
| 145|0x00000000e9100000, 0x00000000e91c4b88, 0x00000000e9200000| 76%| E|  |TAMS 0x00000000e9100000, 0x00000000e9100000| Complete 
| 146|0x00000000e9200000, 0x00000000e9300000, 0x00000000e9300000|100%| E|CS|TAMS 0x00000000e9200000, 0x00000000e9200000| Complete 
| 147|0x00000000e9300000, 0x00000000e9400000, 0x00000000e9400000|100%| E|CS|TAMS 0x00000000e9300000, 0x00000000e9300000| Complete 
| 148|0x00000000e9400000, 0x00000000e9500000, 0x00000000e9500000|100%| E|CS|TAMS 0x00000000e9400000, 0x00000000e9400000| Complete 
| 149|0x00000000e9500000, 0x00000000e9600000, 0x00000000e9600000|100%| E|CS|TAMS 0x00000000e9500000, 0x00000000e9500000| Complete 
| 150|0x00000000e9600000, 0x00000000e9700000, 0x00000000e9700000|100%| E|CS|TAMS 0x00000000e9600000, 0x00000000e9600000| Complete 
| 151|0x00000000e9700000, 0x00000000e9800000, 0x00000000e9800000|100%| E|CS|TAMS 0x00000000e9700000, 0x00000000e9700000| Complete 
| 152|0x00000000e9800000, 0x00000000e9900000, 0x00000000e9900000|100%| E|CS|TAMS 0x00000000e9800000, 0x00000000e9800000| Complete 
| 153|0x00000000e9900000, 0x00000000e9a00000, 0x00000000e9a00000|100%| E|CS|TAMS 0x00000000e9900000, 0x00000000e9900000| Complete 
| 154|0x00000000e9a00000, 0x00000000e9b00000, 0x00000000e9b00000|100%| E|CS|TAMS 0x00000000e9a00000, 0x00000000e9a00000| Complete 
| 155|0x00000000e9b00000, 0x00000000e9c00000, 0x00000000e9c00000|100%| E|CS|TAMS 0x00000000e9b00000, 0x00000000e9b00000| Complete 
| 156|0x00000000e9c00000, 0x00000000e9d00000, 0x00000000e9d00000|100%| E|CS|TAMS 0x00000000e9c00000, 0x00000000e9c00000| Complete 
| 157|0x00000000e9d00000, 0x00000000e9e00000, 0x00000000e9e00000|100%| E|CS|TAMS 0x00000000e9d00000, 0x00000000e9d00000| Complete 
| 158|0x00000000e9e00000, 0x00000000e9f00000, 0x00000000e9f00000|100%| E|CS|TAMS 0x00000000e9e00000, 0x00000000e9e00000| Complete 
| 159|0x00000000e9f00000, 0x00000000ea000000, 0x00000000ea000000|100%| E|CS|TAMS 0x00000000e9f00000, 0x00000000e9f00000| Complete 
| 160|0x00000000ea000000, 0x00000000ea100000, 0x00000000ea100000|100%| E|CS|TAMS 0x00000000ea000000, 0x00000000ea000000| Complete 
| 161|0x00000000ea100000, 0x00000000ea200000, 0x00000000ea200000|100%| E|CS|TAMS 0x00000000ea100000, 0x00000000ea100000| Complete 
| 162|0x00000000ea200000, 0x00000000ea300000, 0x00000000ea300000|100%| E|CS|TAMS 0x00000000ea200000, 0x00000000ea200000| Complete 
| 163|0x00000000ea300000, 0x00000000ea400000, 0x00000000ea400000|100%| E|CS|TAMS 0x00000000ea300000, 0x00000000ea300000| Complete 
| 164|0x00000000ea400000, 0x00000000ea500000, 0x00000000ea500000|100%| E|CS|TAMS 0x00000000ea400000, 0x00000000ea400000| Complete 
| 165|0x00000000ea500000, 0x00000000ea600000, 0x00000000ea600000|100%| E|CS|TAMS 0x00000000ea500000, 0x00000000ea500000| Complete 
| 166|0x00000000ea600000, 0x00000000ea700000, 0x00000000ea700000|100%| E|CS|TAMS 0x00000000ea600000, 0x00000000ea600000| Complete 
| 167|0x00000000ea700000, 0x00000000ea800000, 0x00000000ea800000|100%| E|CS|TAMS 0x00000000ea700000, 0x00000000ea700000| Complete 
| 168|0x00000000ea800000, 0x00000000ea900000, 0x00000000ea900000|100%| E|CS|TAMS 0x00000000ea800000, 0x00000000ea800000| Complete 
| 169|0x00000000ea900000, 0x00000000eaa00000, 0x00000000eaa00000|100%| E|CS|TAMS 0x00000000ea900000, 0x00000000ea900000| Complete 
| 170|0x00000000eaa00000, 0x00000000eab00000, 0x00000000eab00000|100%| E|CS|TAMS 0x00000000eaa00000, 0x00000000eaa00000| Complete 
| 171|0x00000000eab00000, 0x00000000eac00000, 0x00000000eac00000|100%| E|CS|TAMS 0x00000000eab00000, 0x00000000eab00000| Complete 
| 172|0x00000000eac00000, 0x00000000ead00000, 0x00000000ead00000|100%| E|CS|TAMS 0x00000000eac00000, 0x00000000eac00000| Complete 
| 173|0x00000000ead00000, 0x00000000eae00000, 0x00000000eae00000|100%| E|CS|TAMS 0x00000000ead00000, 0x00000000ead00000| Complete 
| 174|0x00000000eae00000, 0x00000000eaf00000, 0x00000000eaf00000|100%| E|CS|TAMS 0x00000000eae00000, 0x00000000eae00000| Complete 
| 175|0x00000000eaf00000, 0x00000000eb000000, 0x00000000eb000000|100%| E|CS|TAMS 0x00000000eaf00000, 0x00000000eaf00000| Complete 
| 176|0x00000000eb000000, 0x00000000eb100000, 0x00000000eb100000|100%| E|CS|TAMS 0x00000000eb000000, 0x00000000eb000000| Complete 
| 177|0x00000000eb100000, 0x00000000eb200000, 0x00000000eb200000|100%| E|CS|TAMS 0x00000000eb100000, 0x00000000eb100000| Complete 
| 178|0x00000000eb200000, 0x00000000eb300000, 0x00000000eb300000|100%| E|CS|TAMS 0x00000000eb200000, 0x00000000eb200000| Complete 
| 179|0x00000000eb300000, 0x00000000eb400000, 0x00000000eb400000|100%| E|CS|TAMS 0x00000000eb300000, 0x00000000eb300000| Complete 
| 180|0x00000000eb400000, 0x00000000eb500000, 0x00000000eb500000|100%| E|CS|TAMS 0x00000000eb400000, 0x00000000eb400000| Complete 
| 181|0x00000000eb500000, 0x00000000eb600000, 0x00000000eb600000|100%| E|CS|TAMS 0x00000000eb500000, 0x00000000eb500000| Complete 
| 182|0x00000000eb600000, 0x00000000eb700000, 0x00000000eb700000|100%| E|CS|TAMS 0x00000000eb600000, 0x00000000eb600000| Complete 
| 183|0x00000000eb700000, 0x00000000eb800000, 0x00000000eb800000|100%| E|CS|TAMS 0x00000000eb700000, 0x00000000eb700000| Complete 
| 184|0x00000000eb800000, 0x00000000eb900000, 0x00000000eb900000|100%| E|CS|TAMS 0x00000000eb800000, 0x00000000eb800000| Complete 
| 185|0x00000000eb900000, 0x00000000eba00000, 0x00000000eba00000|100%| E|CS|TAMS 0x00000000eb900000, 0x00000000eb900000| Complete 
| 186|0x00000000eba00000, 0x00000000ebb00000, 0x00000000ebb00000|100%| E|CS|TAMS 0x00000000eba00000, 0x00000000eba00000| Complete 
| 187|0x00000000ebb00000, 0x00000000ebc00000, 0x00000000ebc00000|100%| E|CS|TAMS 0x00000000ebb00000, 0x00000000ebb00000| Complete 
| 188|0x00000000ebc00000, 0x00000000ebd00000, 0x00000000ebd00000|100%| E|CS|TAMS 0x00000000ebc00000, 0x00000000ebc00000| Complete 
| 189|0x00000000ebd00000, 0x00000000ebe00000, 0x00000000ebe00000|100%| E|CS|TAMS 0x00000000ebd00000, 0x00000000ebd00000| Complete 
| 190|0x00000000ebe00000, 0x00000000ebf00000, 0x00000000ebf00000|100%| E|CS|TAMS 0x00000000ebe00000, 0x00000000ebe00000| Complete 
| 191|0x00000000ebf00000, 0x00000000ec000000, 0x00000000ec000000|100%| E|CS|TAMS 0x00000000ebf00000, 0x00000000ebf00000| Complete 
| 192|0x00000000ec000000, 0x00000000ec100000, 0x00000000ec100000|100%| E|CS|TAMS 0x00000000ec000000, 0x00000000ec000000| Complete 
| 193|0x00000000ec100000, 0x00000000ec200000, 0x00000000ec200000|100%| E|CS|TAMS 0x00000000ec100000, 0x00000000ec100000| Complete 
| 194|0x00000000ec200000, 0x00000000ec300000, 0x00000000ec300000|100%| E|CS|TAMS 0x00000000ec200000, 0x00000000ec200000| Complete 
| 195|0x00000000ec300000, 0x00000000ec400000, 0x00000000ec400000|100%| E|CS|TAMS 0x00000000ec300000, 0x00000000ec300000| Complete 
| 196|0x00000000ec400000, 0x00000000ec500000, 0x00000000ec500000|100%| E|CS|TAMS 0x00000000ec400000, 0x00000000ec400000| Complete 
| 197|0x00000000ec500000, 0x00000000ec600000, 0x00000000ec600000|100%| E|CS|TAMS 0x00000000ec500000, 0x00000000ec500000| Complete 
| 198|0x00000000ec600000, 0x00000000ec700000, 0x00000000ec700000|100%| E|CS|TAMS 0x00000000ec600000, 0x00000000ec600000| Complete 
| 199|0x00000000ec700000, 0x00000000ec800000, 0x00000000ec800000|100%| E|CS|TAMS 0x00000000ec700000, 0x00000000ec700000| Complete 
| 200|0x00000000ec800000, 0x00000000ec900000, 0x00000000ec900000|100%| E|CS|TAMS 0x00000000ec800000, 0x00000000ec800000| Complete 
| 201|0x00000000ec900000, 0x00000000eca00000, 0x00000000eca00000|100%| E|CS|TAMS 0x00000000ec900000, 0x00000000ec900000| Complete 
| 202|0x00000000eca00000, 0x00000000ecb00000, 0x00000000ecb00000|100%| E|CS|TAMS 0x00000000eca00000, 0x00000000eca00000| Complete 
| 203|0x00000000ecb00000, 0x00000000ecc00000, 0x00000000ecc00000|100%| E|CS|TAMS 0x00000000ecb00000, 0x00000000ecb00000| Complete 
| 204|0x00000000ecc00000, 0x00000000ecd00000, 0x00000000ecd00000|100%| E|CS|TAMS 0x00000000ecc00000, 0x00000000ecc00000| Complete 
| 205|0x00000000ecd00000, 0x00000000ece00000, 0x00000000ece00000|100%| E|CS|TAMS 0x00000000ecd00000, 0x00000000ecd00000| Complete 
| 206|0x00000000ece00000, 0x00000000ecf00000, 0x00000000ecf00000|100%| E|CS|TAMS 0x00000000ece00000, 0x00000000ece00000| Complete 
| 207|0x00000000ecf00000, 0x00000000ed000000, 0x00000000ed000000|100%| E|CS|TAMS 0x00000000ecf00000, 0x00000000ecf00000| Complete 
| 208|0x00000000ed000000, 0x00000000ed100000, 0x00000000ed100000|100%| E|CS|TAMS 0x00000000ed000000, 0x00000000ed000000| Complete 
| 209|0x00000000ed100000, 0x00000000ed200000, 0x00000000ed200000|100%| E|CS|TAMS 0x00000000ed100000, 0x00000000ed100000| Complete 
| 210|0x00000000ed200000, 0x00000000ed300000, 0x00000000ed300000|100%| E|CS|TAMS 0x00000000ed200000, 0x00000000ed200000| Complete 
| 211|0x00000000ed300000, 0x00000000ed400000, 0x00000000ed400000|100%| E|CS|TAMS 0x00000000ed300000, 0x00000000ed300000| Complete 
| 212|0x00000000ed400000, 0x00000000ed500000, 0x00000000ed500000|100%| E|CS|TAMS 0x00000000ed400000, 0x00000000ed400000| Complete 
| 213|0x00000000ed500000, 0x00000000ed600000, 0x00000000ed600000|100%| E|CS|TAMS 0x00000000ed500000, 0x00000000ed500000| Complete 
| 214|0x00000000ed600000, 0x00000000ed700000, 0x00000000ed700000|100%| E|CS|TAMS 0x00000000ed600000, 0x00000000ed600000| Complete 
| 215|0x00000000ed700000, 0x00000000ed800000, 0x00000000ed800000|100%| E|CS|TAMS 0x00000000ed700000, 0x00000000ed700000| Complete 
| 216|0x00000000ed800000, 0x00000000ed900000, 0x00000000ed900000|100%| E|CS|TAMS 0x00000000ed800000, 0x00000000ed800000| Complete 
| 217|0x00000000ed900000, 0x00000000eda00000, 0x00000000eda00000|100%| E|CS|TAMS 0x00000000ed900000, 0x00000000ed900000| Complete 
| 218|0x00000000eda00000, 0x00000000edb00000, 0x00000000edb00000|100%| E|CS|TAMS 0x00000000eda00000, 0x00000000eda00000| Complete 
| 219|0x00000000edb00000, 0x00000000edc00000, 0x00000000edc00000|100%| E|CS|TAMS 0x00000000edb00000, 0x00000000edb00000| Complete 
| 220|0x00000000edc00000, 0x00000000edd00000, 0x00000000edd00000|100%| E|CS|TAMS 0x00000000edc00000, 0x00000000edc00000| Complete 
| 221|0x00000000edd00000, 0x00000000ede00000, 0x00000000ede00000|100%| E|CS|TAMS 0x00000000edd00000, 0x00000000edd00000| Complete 
| 222|0x00000000ede00000, 0x00000000edf00000, 0x00000000edf00000|100%| E|CS|TAMS 0x00000000ede00000, 0x00000000ede00000| Complete 
| 223|0x00000000edf00000, 0x00000000ee000000, 0x00000000ee000000|100%| E|CS|TAMS 0x00000000edf00000, 0x00000000edf00000| Complete 
| 224|0x00000000ee000000, 0x00000000ee100000, 0x00000000ee100000|100%| E|CS|TAMS 0x00000000ee000000, 0x00000000ee000000| Complete 
| 225|0x00000000ee100000, 0x00000000ee200000, 0x00000000ee200000|100%| E|CS|TAMS 0x00000000ee100000, 0x00000000ee100000| Complete 
| 226|0x00000000ee200000, 0x00000000ee300000, 0x00000000ee300000|100%| E|CS|TAMS 0x00000000ee200000, 0x00000000ee200000| Complete 
| 227|0x00000000ee300000, 0x00000000ee400000, 0x00000000ee400000|100%| E|CS|TAMS 0x00000000ee300000, 0x00000000ee300000| Complete 
| 228|0x00000000ee400000, 0x00000000ee500000, 0x00000000ee500000|100%| E|CS|TAMS 0x00000000ee400000, 0x00000000ee400000| Complete 
| 229|0x00000000ee500000, 0x00000000ee600000, 0x00000000ee600000|100%| E|CS|TAMS 0x00000000ee500000, 0x00000000ee500000| Complete 
| 230|0x00000000ee600000, 0x00000000ee700000, 0x00000000ee700000|100%| E|CS|TAMS 0x00000000ee600000, 0x00000000ee600000| Complete 
| 231|0x00000000ee700000, 0x00000000ee800000, 0x00000000ee800000|100%| E|CS|TAMS 0x00000000ee700000, 0x00000000ee700000| Complete 
| 232|0x00000000ee800000, 0x00000000ee900000, 0x00000000ee900000|100%| E|CS|TAMS 0x00000000ee800000, 0x00000000ee800000| Complete 
| 233|0x00000000ee900000, 0x00000000eea00000, 0x00000000eea00000|100%| E|CS|TAMS 0x00000000ee900000, 0x00000000ee900000| Complete 
| 234|0x00000000eea00000, 0x00000000eeb00000, 0x00000000eeb00000|100%| E|CS|TAMS 0x00000000eea00000, 0x00000000eea00000| Complete 
| 235|0x00000000eeb00000, 0x00000000eec00000, 0x00000000eec00000|100%| E|CS|TAMS 0x00000000eeb00000, 0x00000000eeb00000| Complete 
| 236|0x00000000eec00000, 0x00000000eed00000, 0x00000000eed00000|100%| E|CS|TAMS 0x00000000eec00000, 0x00000000eec00000| Complete 
| 237|0x00000000eed00000, 0x00000000eee00000, 0x00000000eee00000|100%| E|CS|TAMS 0x00000000eed00000, 0x00000000eed00000| Complete 
| 238|0x00000000eee00000, 0x00000000eef00000, 0x00000000eef00000|100%| E|CS|TAMS 0x00000000eee00000, 0x00000000eee00000| Complete 
| 239|0x00000000eef00000, 0x00000000ef000000, 0x00000000ef000000|100%| E|CS|TAMS 0x00000000eef00000, 0x00000000eef00000| Complete 
| 240|0x00000000ef000000, 0x00000000ef100000, 0x00000000ef100000|100%| E|CS|TAMS 0x00000000ef000000, 0x00000000ef000000| Complete 
| 241|0x00000000ef100000, 0x00000000ef200000, 0x00000000ef200000|100%| E|CS|TAMS 0x00000000ef100000, 0x00000000ef100000| Complete 
| 242|0x00000000ef200000, 0x00000000ef300000, 0x00000000ef300000|100%| E|CS|TAMS 0x00000000ef200000, 0x00000000ef200000| Complete 
| 243|0x00000000ef300000, 0x00000000ef400000, 0x00000000ef400000|100%| E|CS|TAMS 0x00000000ef300000, 0x00000000ef300000| Complete 
| 244|0x00000000ef400000, 0x00000000ef500000, 0x00000000ef500000|100%| E|CS|TAMS 0x00000000ef400000, 0x00000000ef400000| Complete 
| 245|0x00000000ef500000, 0x00000000ef600000, 0x00000000ef600000|100%| E|CS|TAMS 0x00000000ef500000, 0x00000000ef500000| Complete 
| 246|0x00000000ef600000, 0x00000000ef700000, 0x00000000ef700000|100%| E|CS|TAMS 0x00000000ef600000, 0x00000000ef600000| Complete 
| 247|0x00000000ef700000, 0x00000000ef800000, 0x00000000ef800000|100%| E|CS|TAMS 0x00000000ef700000, 0x00000000ef700000| Complete 
| 248|0x00000000ef800000, 0x00000000ef900000, 0x00000000ef900000|100%| E|CS|TAMS 0x00000000ef800000, 0x00000000ef800000| Complete 
| 249|0x00000000ef900000, 0x00000000efa00000, 0x00000000efa00000|100%| E|CS|TAMS 0x00000000ef900000, 0x00000000ef900000| Complete 
| 250|0x00000000efa00000, 0x00000000efb00000, 0x00000000efb00000|100%| E|CS|TAMS 0x00000000efa00000, 0x00000000efa00000| Complete 
| 251|0x00000000efb00000, 0x00000000efc00000, 0x00000000efc00000|100%| E|CS|TAMS 0x00000000efb00000, 0x00000000efb00000| Complete 
| 252|0x00000000efc00000, 0x00000000efd00000, 0x00000000efd00000|100%| E|CS|TAMS 0x00000000efc00000, 0x00000000efc00000| Complete 
| 253|0x00000000efd00000, 0x00000000efe00000, 0x00000000efe00000|100%| E|CS|TAMS 0x00000000efd00000, 0x00000000efd00000| Complete 
| 254|0x00000000efe00000, 0x00000000eff00000, 0x00000000eff00000|100%| E|CS|TAMS 0x00000000efe00000, 0x00000000efe00000| Complete 
| 255|0x00000000eff00000, 0x00000000f0000000, 0x00000000f0000000|100%| E|CS|TAMS 0x00000000eff00000, 0x00000000eff00000| Complete 

Card table byte_map: [0x000001c88f430000,0x000001c88f530000] _byte_map_base: 0x000001c88ed30000

Marking Bits (Prev, Next): (CMBitMap*) 0x000001c8f69c8890, (CMBitMap*) 0x000001c8f69c88d0
 Prev Bits: [0x000001c88f630000, 0x000001c88fe30000)
 Next Bits: [0x000001c88fe30000, 0x000001c890630000)

Polling page: 0x000001c8f6a60000

Metaspace:

Usage:
  Non-class:     48.76 MB used.
      Class:      8.03 MB used.
       Both:     56.79 MB used.

Virtual space:
  Non-class space:       64.00 MB reserved,      49.12 MB ( 77%) committed,  1 nodes.
      Class space:      320.00 MB reserved,       8.31 MB (  3%) committed,  1 nodes.
             Both:      384.00 MB reserved,      57.44 MB ( 15%) committed. 

Chunk freelists:
   Non-Class:  14.14 MB
       Class:  7.50 MB
        Both:  21.64 MB

MaxMetaspaceSize: 384.00 MB
CompressedClassSpaceSize: 320.00 MB
Initial GC threshold: 21.00 MB
Current GC threshold: 58.75 MB
CDS: on
MetaspaceReclaimPolicy: balanced
 - commit_granule_bytes: 65536.
 - commit_granule_words: 8192.
 - virtual_space_node_default_size: 8388608.
 - enlarge_chunks_in_place: 1.
 - new_chunks_are_fully_committed: 0.
 - uncommit_free_chunks: 1.
 - use_allocation_guard: 0.
 - handle_deallocations: 1.


Internal statistics:

num_allocs_failed_limit: 6.
num_arena_births: 754.
num_arena_deaths: 0.
num_vsnodes_births: 2.
num_vsnodes_deaths: 0.
num_space_committed: 919.
num_space_uncommitted: 0.
num_chunks_returned_to_freelist: 6.
num_chunks_taken_from_freelist: 3271.
num_chunk_merges: 6.
num_chunk_splits: 2052.
num_chunks_enlarged: 1290.
num_inconsistent_stats: 0.

CodeHeap 'non-profiled nmethods': size=120000Kb used=5606Kb max_used=5606Kb free=114393Kb
 bounds [0x000001c887ad0000, 0x000001c888050000, 0x000001c88f000000]
CodeHeap 'profiled nmethods': size=120000Kb used=17884Kb max_used=17884Kb free=102115Kb
 bounds [0x000001c880000000, 0x000001c881180000, 0x000001c887530000]
CodeHeap 'non-nmethods': size=5760Kb used=2331Kb max_used=2413Kb free=3428Kb
 bounds [0x000001c887530000, 0x000001c8877a0000, 0x000001c887ad0000]
 total_blobs=9912 nmethods=9059 adapters=765
 compilation: enabled
              stopped_count=0, restarted_count=0
 full_count=0

Compilation events (20 events):
Event: 71.927 Thread 0x000001c892c17e00 9847       3       java.util.concurrent.ThreadPoolExecutor::afterExecute (1 bytes)
Event: 71.927 Thread 0x000001c892c17e00 nmethod 9847 0x000001c881174890 code [0x000001c881174a20, 0x000001c881174b38]
Event: 72.266 Thread 0x000001c892c17e00 9848       1       java.lang.management.MemoryUsage::getUsed (5 bytes)
Event: 72.266 Thread 0x000001c892c17e00 nmethod 9848 0x000001c888049110 code [0x000001c8880492a0, 0x000001c888049378]
Event: 72.270 Thread 0x000001c892c17e00 9849       3       org.gradle.internal.serialize.AbstractDecoder::readSmallInt (5 bytes)
Event: 72.270 Thread 0x000001c892c17e00 nmethod 9849 0x000001c881174c10 code [0x000001c881174dc0, 0x000001c881174f88]
Event: 75.012 Thread 0x000001c892c17e00 9850       1       net.rubygrapefruit.platform.internal.jni.NativeLogger$LogLevel::getLevel (5 bytes)
Event: 75.012 Thread 0x000001c892c17e00 nmethod 9850 0x000001c888049410 code [0x000001c8880495a0, 0x000001c888049678]
Event: 75.012 Thread 0x000001c892c17e00 9851   !   3       java.util.concurrent.ArrayBlockingQueue::take (46 bytes)
Event: 75.013 Thread 0x000001c892c17e00 nmethod 9851 0x000001c881175010 code [0x000001c8811752a0, 0x000001c881175f38]
Event: 79.261 Thread 0x000001c892c17440 9852       4       java.nio.ByteBuffer::position (6 bytes)
Event: 79.262 Thread 0x000001c892c17e00 9853       3       org.gradle.internal.logging.events.CategorisedOutputEvent::<init> (21 bytes)
Event: 79.262 Thread 0x000001c892c17e00 nmethod 9853 0x000001c881176410 code [0x000001c8811765c0, 0x000001c881176838]
Event: 79.262 Thread 0x000001c892c17e00 9854       3       org.gradle.internal.logging.text.AbstractStyledTextOutput::style (20 bytes)
Event: 79.262 Thread 0x000001c892c17e00 nmethod 9854 0x000001c881176910 code [0x000001c881176ac0, 0x000001c881176d28]
Event: 79.262 Thread 0x000001c892c17e00 9856       3       org.gradle.internal.io.StreamByteBuffer::hasRemaining (17 bytes)
Event: 79.262 Thread 0x000001c892c17e00 nmethod 9856 0x000001c881176e10 code [0x000001c881176fc0, 0x000001c881177238]
Event: 79.262 Thread 0x000001c892c17440 nmethod 9852 0x000001c888049710 code [0x000001c8880498a0, 0x000001c888049998]
Event: 79.262 Thread 0x000001c892c17440 9855       4       org.gradle.internal.logging.text.AbstractLineChoppingStyledTextOutput::doAppend (43 bytes)
Event: 79.268 Thread 0x000001c892c17e00 9857       3       java.io.PrintStream::print (9 bytes)

GC Heap History (14 events):
Event: 0.348 GC heap before
{Heap before GC invocations=0 (full 0):
 garbage-first heap   total 262144K, used 13312K [0x00000000e0000000, 0x0000000100000000)
  region size 1024K, 13 young (13312K), 0 survivors (0K)
 Metaspace       used 804K, committed 896K, reserved 393216K
  class space    used 66K, committed 128K, reserved 327680K
}
Event: 0.352 GC heap after
{Heap after GC invocations=1 (full 0):
 garbage-first heap   total 262144K, used 1408K [0x00000000e0000000, 0x0000000100000000)
  region size 1024K, 2 young (2048K), 2 survivors (2048K)
 Metaspace       used 804K, committed 896K, reserved 393216K
  class space    used 66K, committed 128K, reserved 327680K
}
Event: 0.783 GC heap before
{Heap before GC invocations=1 (full 0):
 garbage-first heap   total 262144K, used 22912K [0x00000000e0000000, 0x0000000100000000)
  region size 1024K, 20 young (20480K), 2 survivors (2048K)
 Metaspace       used 2988K, committed 3136K, reserved 393216K
  class space    used 352K, committed 448K, reserved 327680K
}
Event: 0.786 GC heap after
{Heap after GC invocations=2 (full 0):
 garbage-first heap   total 262144K, used 10797K [0x00000000e0000000, 0x0000000100000000)
  region size 1024K, 3 young (3072K), 3 survivors (3072K)
 Metaspace       used 2988K, committed 3136K, reserved 393216K
  class space    used 352K, committed 448K, reserved 327680K
}
Event: 3.495 GC heap before
{Heap before GC invocations=2 (full 0):
 garbage-first heap   total 262144K, used 166445K [0x00000000e0000000, 0x0000000100000000)
  region size 1024K, 153 young (156672K), 3 survivors (3072K)
 Metaspace       used 19246K, committed 19584K, reserved 393216K
  class space    used 2790K, committed 2944K, reserved 327680K
}
Event: 3.503 GC heap after
{Heap after GC invocations=3 (full 0):
 garbage-first heap   total 262144K, used 23078K [0x00000000e0000000, 0x0000000100000000)
  region size 1024K, 14 young (14336K), 14 survivors (14336K)
 Metaspace       used 19246K, committed 19584K, reserved 393216K
  class space    used 2790K, committed 2944K, reserved 327680K
}
Event: 3.917 GC heap before
{Heap before GC invocations=3 (full 0):
 garbage-first heap   total 262144K, used 39462K [0x00000000e0000000, 0x0000000100000000)
  region size 1024K, 31 young (31744K), 14 survivors (14336K)
 Metaspace       used 21147K, committed 21504K, reserved 393216K
  class space    used 3084K, committed 3264K, reserved 327680K
}
Event: 3.930 GC heap after
{Heap after GC invocations=4 (full 0):
 garbage-first heap   total 262144K, used 25313K [0x00000000e0000000, 0x0000000100000000)
  region size 1024K, 2 young (2048K), 2 survivors (2048K)
 Metaspace       used 21147K, committed 21504K, reserved 393216K
  class space    used 3084K, committed 3264K, reserved 327680K
}
Event: 5.731 GC heap before
{Heap before GC invocations=5 (full 0):
 garbage-first heap   total 262144K, used 146145K [0x00000000e0000000, 0x0000000100000000)
  region size 1024K, 117 young (119808K), 2 survivors (2048K)
 Metaspace       used 35533K, committed 35968K, reserved 393216K
  class space    used 4939K, committed 5120K, reserved 327680K
}
Event: 5.738 GC heap after
{Heap after GC invocations=6 (full 0):
 garbage-first heap   total 262144K, used 33094K [0x00000000e0000000, 0x0000000100000000)
  region size 1024K, 10 young (10240K), 10 survivors (10240K)
 Metaspace       used 35533K, committed 35968K, reserved 393216K
  class space    used 4939K, committed 5120K, reserved 327680K
}
Event: 8.452 GC heap before
{Heap before GC invocations=7 (full 0):
 garbage-first heap   total 262144K, used 181574K [0x00000000e0000000, 0x0000000100000000)
  region size 1024K, 153 young (156672K), 10 survivors (10240K)
 Metaspace       used 49666K, committed 50240K, reserved 393216K
  class space    used 7065K, committed 7360K, reserved 327680K
}
Event: 8.465 GC heap after
{Heap after GC invocations=8 (full 0):
 garbage-first heap   total 262144K, used 40673K [0x00000000e0000000, 0x0000000100000000)
  region size 1024K, 17 young (17408K), 17 survivors (17408K)
 Metaspace       used 49666K, committed 50240K, reserved 393216K
  class space    used 7065K, committed 7360K, reserved 327680K
}
Event: 11.629 GC heap before
{Heap before GC invocations=8 (full 0):
 garbage-first heap   total 262144K, used 179937K [0x00000000e0000000, 0x0000000100000000)
  region size 1024K, 153 young (156672K), 17 survivors (17408K)
 Metaspace       used 54857K, committed 55488K, reserved 393216K
  class space    used 7776K, committed 8064K, reserved 327680K
}
Event: 11.647 GC heap after
{Heap after GC invocations=9 (full 0):
 garbage-first heap   total 262144K, used 53211K [0x00000000e0000000, 0x0000000100000000)
  region size 1024K, 20 young (20480K), 20 survivors (20480K)
 Metaspace       used 54857K, committed 55488K, reserved 393216K
  class space    used 7776K, committed 8064K, reserved 327680K
}

Dll operation events (15 events):
Event: 0.022 Loaded shared library C:\Users\pc33\.jdks\corretto-17.0.12\bin\java.dll
Event: 0.050 Loaded shared library C:\Users\pc33\.jdks\corretto-17.0.12\bin\jsvml.dll
Event: 0.161 Loaded shared library C:\Users\pc33\.jdks\corretto-17.0.12\bin\zip.dll
Event: 0.164 Loaded shared library C:\Users\pc33\.jdks\corretto-17.0.12\bin\instrument.dll
Event: 0.171 Loaded shared library C:\Users\pc33\.jdks\corretto-17.0.12\bin\net.dll
Event: 0.172 Loaded shared library C:\Users\pc33\.jdks\corretto-17.0.12\bin\nio.dll
Event: 0.174 Loaded shared library C:\Users\pc33\.jdks\corretto-17.0.12\bin\zip.dll
Event: 0.416 Loaded shared library C:\Users\pc33\.jdks\corretto-17.0.12\bin\jimage.dll
Event: 0.585 Loaded shared library C:\Users\pc33\.jdks\corretto-17.0.12\bin\verify.dll
Event: 0.730 Loaded shared library C:\Users\pc33\.gradle\native\c067742578af261105cb4f569cf0c3c89f3d7b1fecec35dd04571415982c5e48\windows-amd64\native-platform.dll
Event: 0.754 Loaded shared library C:\Users\pc33\.gradle\native\100fb08df4bc3b14c8652ba06237920a3bd2aa13389f12d3474272988ae205f9\windows-amd64\native-platform-file-events.dll
Event: 1.880 Loaded shared library C:\Users\pc33\.jdks\corretto-17.0.12\bin\management.dll
Event: 1.882 Loaded shared library C:\Users\pc33\.jdks\corretto-17.0.12\bin\management_ext.dll
Event: 2.058 Loaded shared library C:\Users\pc33\.jdks\corretto-17.0.12\bin\extnet.dll
Event: 2.232 Loaded shared library C:\Users\pc33\.jdks\corretto-17.0.12\bin\sunmscapi.dll

Deoptimization events (20 events):
Event: 14.821 Thread 0x000001c8ae51db60 Uncommon trap: trap_request=0xffffffc6 fr.pc=0x000001c887efabac relative=0x000000000000054c
Event: 14.821 Thread 0x000001c8ae51db60 Uncommon trap: reason=bimorphic_or_optimized_type_check action=maybe_recompile pc=0x000001c887efabac method=java.util.Collections$SetFromMap.remove(Ljava/lang/Object;)Z @ 5 c2
Event: 14.821 Thread 0x000001c8ae51db60 DEOPT PACKING pc=0x000001c887efabac sp=0x000000c6065fda40
Event: 14.821 Thread 0x000001c8ae51db60 DEOPT UNPACKING pc=0x000001c8875869a3 sp=0x000000c6065fda38 mode 2
Event: 14.821 Thread 0x000001c8ae51db60 Uncommon trap: trap_request=0xffffffc6 fr.pc=0x000001c887d5aa3c relative=0x000000000000029c
Event: 14.821 Thread 0x000001c8ae51db60 Uncommon trap: reason=bimorphic_or_optimized_type_check action=maybe_recompile pc=0x000001c887d5aa3c method=java.util.stream.StreamOpFlag.fromCharacteristics(Ljava/util/Spliterator;)I @ 14 c2
Event: 14.821 Thread 0x000001c8ae51db60 DEOPT PACKING pc=0x000001c887d5aa3c sp=0x000000c6065fd290
Event: 14.821 Thread 0x000001c8ae51db60 DEOPT UNPACKING pc=0x000001c8875869a3 sp=0x000000c6065fd178 mode 2
Event: 17.236 Thread 0x000001c8ae51f9c0 Uncommon trap: trap_request=0xffffff45 fr.pc=0x000001c887be8a0c relative=0x000000000000034c
Event: 17.236 Thread 0x000001c8ae51f9c0 Uncommon trap: reason=unstable_if action=reinterpret pc=0x000001c887be8a0c method=java.lang.ThreadLocal$ThreadLocalMap.set(Ljava/lang/ThreadLocal;Ljava/lang/Object;)V @ 125 c2
Event: 17.236 Thread 0x000001c8ae51f9c0 DEOPT PACKING pc=0x000001c887be8a0c sp=0x000000c6044fe9c0
Event: 17.236 Thread 0x000001c8ae51f9c0 DEOPT UNPACKING pc=0x000001c8875869a3 sp=0x000000c6044fe970 mode 2
Event: 27.238 Thread 0x000001c8ae51db60 Uncommon trap: trap_request=0xffffffc6 fr.pc=0x000001c887efabac relative=0x000000000000054c
Event: 27.238 Thread 0x000001c8ae51db60 Uncommon trap: reason=bimorphic_or_optimized_type_check action=maybe_recompile pc=0x000001c887efabac method=java.util.Collections$SetFromMap.remove(Ljava/lang/Object;)Z @ 5 c2
Event: 27.238 Thread 0x000001c8ae51db60 DEOPT PACKING pc=0x000001c887efabac sp=0x000000c6065fda40
Event: 27.238 Thread 0x000001c8ae51db60 DEOPT UNPACKING pc=0x000001c8875869a3 sp=0x000000c6065fda38 mode 2
Event: 27.238 Thread 0x000001c8ae519990 Uncommon trap: trap_request=0xffffffc6 fr.pc=0x000001c887d5aa3c relative=0x000000000000029c
Event: 27.238 Thread 0x000001c8ae519990 Uncommon trap: reason=bimorphic_or_optimized_type_check action=maybe_recompile pc=0x000001c887d5aa3c method=java.util.stream.StreamOpFlag.fromCharacteristics(Ljava/util/Spliterator;)I @ 14 c2
Event: 27.238 Thread 0x000001c8ae519990 DEOPT PACKING pc=0x000001c887d5aa3c sp=0x000000c6067fe670
Event: 27.238 Thread 0x000001c8ae519990 DEOPT UNPACKING pc=0x000001c8875869a3 sp=0x000000c6067fe558 mode 2

Classes loaded (20 events):
Event: 14.190 Loading class jdk/internal/reflect/UnsafeQualifiedStaticLongFieldAccessorImpl
Event: 14.191 Loading class jdk/internal/reflect/UnsafeQualifiedStaticLongFieldAccessorImpl done
Event: 14.191 Loading class java/io/SerialCallbackContext
Event: 14.191 Loading class java/io/SerialCallbackContext done
Event: 14.215 Loading class java/util/stream/ReferencePipeline$4
Event: 14.216 Loading class java/util/stream/ReferencePipeline$4 done
Event: 14.217 Loading class java/util/stream/ReduceOps$6
Event: 14.218 Loading class java/util/stream/ReduceOps$6 done
Event: 14.218 Loading class java/util/stream/ReduceOps$5ReducingSink
Event: 14.218 Loading class java/util/stream/ReduceOps$5ReducingSink done
Event: 14.218 Loading class java/util/stream/ReferencePipeline$4$1
Event: 14.218 Loading class java/util/stream/ReferencePipeline$4$1 done
Event: 14.435 Loading class java/util/concurrent/ConcurrentSkipListMap$KeySet
Event: 14.435 Loading class java/util/concurrent/ConcurrentSkipListMap$KeySet done
Event: 14.435 Loading class java/util/concurrent/ConcurrentSkipListMap$KeyIterator
Event: 14.435 Loading class java/util/concurrent/ConcurrentSkipListMap$KeyIterator done
Event: 27.255 Loading class java/io/ObjectStreamClass$ExceptionInfo
Event: 27.255 Loading class java/io/ObjectStreamClass$ExceptionInfo done
Event: 44.125 Loading class java/time/Instant$1
Event: 44.125 Loading class java/time/Instant$1 done

Classes unloaded (0 events):
No events

Classes redefined (0 events):
No events

Internal exceptions (20 events):
Event: 14.053 Thread 0x000001c8adf169b0 Exception <a 'java/lang/ClassNotFoundException'{0x00000000ea79ffb0}: org/gradle/internal/logging/slf4j/BuildOperationAwareLoggerBeanInfo> (0x00000000ea79ffb0) 
thrown [s\src\hotspot\share\classfile\systemDictionary.cpp, line 256]
Event: 14.053 Thread 0x000001c8adf169b0 Exception <a 'java/lang/ClassNotFoundException'{0x00000000ea7aaee0}: org/gradle/internal/logging/slf4j/BuildOperationAwareLoggerCustomizer> (0x00000000ea7aaee0) 
thrown [s\src\hotspot\share\classfile\systemDictionary.cpp, line 256]
Event: 14.054 Thread 0x000001c8adf169b0 Exception <a 'java/lang/ClassNotFoundException'{0x00000000ea7e4968}: org/gradle/internal/logging/slf4j/OutputEventListenerBackedLoggerCustomizer> (0x00000000ea7e4968) 
thrown [s\src\hotspot\share\classfile\systemDictionary.cpp, line 256]
Event: 14.106 Thread 0x000001c8ae51db60 Exception <a 'java/lang/NoSuchMethodError'{0x00000000ea4346b8}: 'java.lang.Object java.lang.invoke.DirectMethodHandle$Holder.newInvokeSpecial(java.lang.Object, java.lang.Object, int, java.lang.Object, java.lang.Object)'> (0x00000000ea4346b8) 
thrown [s\src\hotspot\share\interpreter\linkResolver.cpp, line 759]
Event: 14.127 Thread 0x000001c8ae51db60 Exception <a 'java/lang/NoSuchMethodError'{0x00000000ea3a8818}: 'void java.lang.invoke.DirectMethodHandle$Holder.invokeSpecial(java.lang.Object, java.lang.Object, java.lang.Object, java.lang.Object, int, java.lang.Object, java.lang.Object)'> (0x00000000ea3a8818) 
thrown [s\src\hotspot\share\interpreter\linkResolver.cpp, line 759]
Event: 14.140 Thread 0x000001c8ae51db60 Exception <a 'java/lang/NoSuchMethodError'{0x00000000ea246cd8}: 'void java.lang.invoke.DirectMethodHandle$Holder.invokeInterface(java.lang.Object, java.lang.Object, java.lang.Object, java.lang.Object)'> (0x00000000ea246cd8) 
thrown [s\src\hotspot\share\interpreter\linkResolver.cpp, line 759]
Event: 14.189 Thread 0x000001c8adf173d0 Exception <a 'java/lang/NoSuchMethodError'{0x00000000ea0e5e80}: static Lorg/gradle/internal/build/event/types/DefaultTaskStartedProgressEvent;.<clinit>()V> (0x00000000ea0e5e80) 
thrown [s\src\hotspot\share\prims\jni.cpp, line 1112]
Event: 14.189 Thread 0x000001c8adf173d0 Exception <a 'java/lang/NoSuchMethodError'{0x00000000ea0e7ee8}: static Lorg/gradle/internal/build/event/types/AbstractProgressEvent;.<clinit>()V> (0x00000000ea0e7ee8) 
thrown [s\src\hotspot\share\prims\jni.cpp, line 1112]
Event: 14.190 Thread 0x000001c8adf173d0 Exception <a 'java/lang/NoSuchMethodError'{0x00000000ea0f28a0}: static Lorg/gradle/internal/build/event/types/DefaultTaskDescriptor;.<clinit>()V> (0x00000000ea0f28a0) 
thrown [s\src\hotspot\share\prims\jni.cpp, line 1112]
Event: 14.192 Thread 0x000001c8adf173d0 Exception <a 'java/lang/NoSuchMethodError'{0x00000000e9f16438}: static Lorg/gradle/internal/operations/OperationIdentifier;.<clinit>()V> (0x00000000e9f16438) 
thrown [s\src\hotspot\share\prims\jni.cpp, line 1112]
Event: 14.192 Thread 0x000001c8adf173d0 Exception <a 'java/lang/NoSuchMethodError'{0x00000000e9f1fdb0}: static Lorg/gradle/internal/build/event/types/DefaultBinaryPluginIdentifier;.<clinit>()V> (0x00000000e9f1fdb0) 
thrown [s\src\hotspot\share\prims\jni.cpp, line 1112]
Event: 14.435 Thread 0x000001c8ae51db60 Exception <a 'java/lang/IncompatibleClassChangeError'{0x00000000e9b8d2b0}: Found class java.lang.Object, but interface was expected> (0x00000000e9b8d2b0) 
thrown [s\src\hotspot\share\interpreter\linkResolver.cpp, line 826]
Event: 14.436 Thread 0x000001c8ae51db60 Exception <a 'java/lang/NoSuchMethodError'{0x00000000e9b9fb50}: static Ljava/lang/Object;.<clinit>()V> (0x00000000e9b9fb50) 
thrown [s\src\hotspot\share\prims\jni.cpp, line 1112]
Event: 14.745 Thread 0x000001c8ae51db60 Exception <a 'java/lang/NoSuchMethodError'{0x00000000e96ecd78}: 'int java.lang.invoke.DirectMethodHandle$Holder.invokeStaticInit(java.lang.Object, java.lang.Object, java.lang.Object, java.lang.Object, java.lang.Object)'> (0x00000000e96ecd78) 
thrown [s\src\hotspot\share\interpreter\linkResolver.cpp, line 759]
Event: 14.860 Thread 0x000001c8adf173d0 Exception <a 'java/lang/NoSuchMethodError'{0x00000000e9f28f38}: static Lorg/gradle/internal/build/event/types/DefaultTaskFinishedProgressEvent;.<clinit>()V> (0x00000000e9f28f38) 
thrown [s\src\hotspot\share\prims\jni.cpp, line 1112]
Event: 14.864 Thread 0x000001c8adf173d0 Exception <a 'java/lang/NoSuchMethodError'{0x00000000e9370d80}: static Lorg/gradle/internal/build/event/types/DefaultTaskSuccessResult;.<clinit>()V> (0x00000000e9370d80) 
thrown [s\src\hotspot\share\prims\jni.cpp, line 1112]
Event: 14.868 Thread 0x000001c8adf173d0 Exception <a 'java/lang/NoSuchMethodError'{0x00000000e9371ff0}: static Lorg/gradle/internal/build/event/types/AbstractTaskResult;.<clinit>()V> (0x00000000e9371ff0) 
thrown [s\src\hotspot\share\prims\jni.cpp, line 1112]
Event: 14.869 Thread 0x000001c8adf173d0 Exception <a 'java/lang/NoSuchMethodError'{0x00000000e9373518}: static Lorg/gradle/internal/build/event/types/AbstractResult;.<clinit>()V> (0x00000000e9373518) 
thrown [s\src\hotspot\share\prims\jni.cpp, line 1112]
Event: 14.874 Thread 0x000001c8adf173d0 Exception <a 'java/lang/NoSuchMethodError'{0x00000000e9384bc0}: static Lorg/gradle/internal/build/event/types/DefaultScriptPluginIdentifier;.<clinit>()V> (0x00000000e9384bc0) 
thrown [s\src\hotspot\share\prims\jni.cpp, line 1112]
Event: 27.255 Thread 0x000001c8adf173d0 Exception <a 'java/lang/NoSuchMethodError'{0x00000000e9257c20}: static [Ljava/lang/Object;.<clinit>()V> (0x00000000e9257c20) 
thrown [s\src\hotspot\share\prims\jni.cpp, line 1112]

VM Operations (20 events):
Event: 38.012 Executing VM operation: Cleanup
Event: 38.012 Executing VM operation: Cleanup done
Event: 39.019 Executing VM operation: Cleanup
Event: 39.019 Executing VM operation: Cleanup done
Event: 41.031 Executing VM operation: Cleanup
Event: 41.031 Executing VM operation: Cleanup done
Event: 44.044 Executing VM operation: Cleanup
Event: 44.044 Executing VM operation: Cleanup done
Event: 45.051 Executing VM operation: Cleanup
Event: 45.051 Executing VM operation: Cleanup done
Event: 48.084 Executing VM operation: Cleanup
Event: 48.084 Executing VM operation: Cleanup done
Event: 49.086 Executing VM operation: Cleanup
Event: 49.086 Executing VM operation: Cleanup done
Event: 60.270 Executing VM operation: HandshakeAllThreads
Event: 60.270 Executing VM operation: HandshakeAllThreads done
Event: 61.279 Executing VM operation: Cleanup
Event: 61.279 Executing VM operation: Cleanup done
Event: 70.362 Executing VM operation: Cleanup
Event: 70.362 Executing VM operation: Cleanup done

Events (20 events):
Event: 11.494 Thread 0x000001c8ae51b7f0 Thread added: 0x000001c8ae51b7f0
Event: 11.499 Thread 0x000001c8ae51bd00 Thread added: 0x000001c8ae51bd00
Event: 11.505 Thread 0x000001c8ae51d650 Thread added: 0x000001c8ae51d650
Event: 11.520 Thread 0x000001c8ae51c210 Thread added: 0x000001c8ae51c210
Event: 11.524 Thread 0x000001c8ae51cc30 Thread added: 0x000001c8ae51cc30
Event: 11.529 Thread 0x000001c8ae51c720 Thread added: 0x000001c8ae51c720
Event: 12.064 Thread 0x000001c8b10789e0 Thread exited: 0x000001c8b10789e0
Event: 12.116 Thread 0x000001c8ae603200 Thread added: 0x000001c8ae603200
Event: 12.493 Thread 0x000001c8ae603200 Thread exited: 0x000001c8ae603200
Event: 13.130 Thread 0x000001c8ae605730 Thread added: 0x000001c8ae605730
Event: 13.519 Thread 0x000001c8ae605730 Thread exited: 0x000001c8ae605730
Event: 13.772 Thread 0x000001c8ae51f9c0 Thread added: 0x000001c8ae51f9c0
Event: 13.875 Thread 0x000001c8af236800 Thread added: 0x000001c8af236800
Event: 14.098 Thread 0x000001c8ae51db60 Thread added: 0x000001c8ae51db60
Event: 14.107 Thread 0x000001c8ae51e070 Thread added: 0x000001c8ae51e070
Event: 14.107 Thread 0x000001c8ae519990 Thread added: 0x000001c8ae519990
Event: 14.107 Thread 0x000001c8ae51e580 Thread added: 0x000001c8ae51e580
Event: 14.152 Thread 0x000001c8ae51efa0 Thread added: 0x000001c8ae51efa0
Event: 14.419 Thread 0x000001c8af236800 Thread exited: 0x000001c8af236800
Event: 69.998 Thread 0x000001c8af86b120 Thread exited: 0x000001c8af86b120


Dynamic libraries:
0x00007ff67f480000 - 0x00007ff67f48e000 	C:\Users\pc33\.jdks\corretto-17.0.12\bin\java.exe
0x00007ff9cd2b0000 - 0x00007ff9cd4a8000 	C:\WINDOWS\SYSTEM32\ntdll.dll
0x00007ff9cb9f0000 - 0x00007ff9cbab2000 	C:\WINDOWS\System32\KERNEL32.DLL
0x00007ff9ca9f0000 - 0x00007ff9cacee000 	C:\WINDOWS\System32\KERNELBASE.dll
0x00007ff9caf80000 - 0x00007ff9cb080000 	C:\WINDOWS\System32\ucrtbase.dll
0x00007ff9c46a0000 - 0x00007ff9c46b7000 	C:\Users\pc33\.jdks\corretto-17.0.12\bin\jli.dll
0x00007ff9ccb70000 - 0x00007ff9ccd0d000 	C:\WINDOWS\System32\USER32.dll
0x00007ff9ca9c0000 - 0x00007ff9ca9e2000 	C:\WINDOWS\System32\win32u.dll
0x00007ff9cc9f0000 - 0x00007ff9cca1b000 	C:\WINDOWS\System32\GDI32.dll
0x00007ff9cb1b0000 - 0x00007ff9cb2c7000 	C:\WINDOWS\System32\gdi32full.dll
0x00007ff9cacf0000 - 0x00007ff9cad8d000 	C:\WINDOWS\System32\msvcp_win.dll
0x00007ff9c4380000 - 0x00007ff9c439b000 	C:\Users\pc33\.jdks\corretto-17.0.12\bin\VCRUNTIME140.dll
0x00007ff9c2ef0000 - 0x00007ff9c318a000 	C:\WINDOWS\WinSxS\amd64_microsoft.windows.common-controls_6595b64144ccf1df_6.0.19041.4355_none_60b8b9eb71f62e16\COMCTL32.dll
0x00007ff9cb8d0000 - 0x00007ff9cb96e000 	C:\WINDOWS\System32\msvcrt.dll
0x00007ff9cc6d0000 - 0x00007ff9cc6ff000 	C:\WINDOWS\System32\IMM32.DLL
0x00007ff9c47b0000 - 0x00007ff9c47bc000 	C:\Users\pc33\.jdks\corretto-17.0.12\bin\vcruntime140_1.dll
0x00007ff9bad30000 - 0x00007ff9badbd000 	C:\Users\pc33\.jdks\corretto-17.0.12\bin\msvcp140.dll
0x00007ff988cd0000 - 0x00007ff98993a000 	C:\Users\pc33\.jdks\corretto-17.0.12\bin\server\jvm.dll
0x00007ff9cca20000 - 0x00007ff9ccad2000 	C:\WINDOWS\System32\ADVAPI32.dll
0x00007ff9cbd10000 - 0x00007ff9cbdb0000 	C:\WINDOWS\System32\sechost.dll
0x00007ff9cb2d0000 - 0x00007ff9cb3f3000 	C:\WINDOWS\System32\RPCRT4.dll
0x00007ff9cb180000 - 0x00007ff9cb1a7000 	C:\WINDOWS\System32\bcrypt.dll
0x00007ff9cc8c0000 - 0x00007ff9cc92b000 	C:\WINDOWS\System32\WS2_32.dll
0x00007ff9ca7b0000 - 0x00007ff9ca7fb000 	C:\WINDOWS\SYSTEM32\POWRPROF.dll
0x00007ff9c22d0000 - 0x00007ff9c22f7000 	C:\WINDOWS\SYSTEM32\WINMM.dll
0x00007ff9c4fe0000 - 0x00007ff9c4fea000 	C:\WINDOWS\SYSTEM32\VERSION.dll
0x00007ff9ca790000 - 0x00007ff9ca7a2000 	C:\WINDOWS\SYSTEM32\UMPDC.dll
0x00007ff9c87f0000 - 0x00007ff9c8802000 	C:\WINDOWS\SYSTEM32\kernel.appcore.dll
0x00007ff9c44f0000 - 0x00007ff9c44fa000 	C:\Users\pc33\.jdks\corretto-17.0.12\bin\jimage.dll
0x00007ff9b8090000 - 0x00007ff9b8274000 	C:\WINDOWS\SYSTEM32\DBGHELP.DLL
0x00007ff9b6e40000 - 0x00007ff9b6e74000 	C:\WINDOWS\SYSTEM32\dbgcore.DLL
0x00007ff9cad90000 - 0x00007ff9cae12000 	C:\WINDOWS\System32\bcryptPrimitives.dll
0x00007ff9c4370000 - 0x00007ff9c437e000 	C:\Users\pc33\.jdks\corretto-17.0.12\bin\instrument.dll
0x00007ff9bad00000 - 0x00007ff9bad25000 	C:\Users\pc33\.jdks\corretto-17.0.12\bin\java.dll
0x00007ff9a3f80000 - 0x00007ff9a4057000 	C:\Users\pc33\.jdks\corretto-17.0.12\bin\jsvml.dll
0x00007ff9cbdb0000 - 0x00007ff9cc51f000 	C:\WINDOWS\System32\SHELL32.dll
0x00007ff9c89f0000 - 0x00007ff9c9194000 	C:\WINDOWS\SYSTEM32\windows.storage.dll
0x00007ff9ccf00000 - 0x00007ff9cd253000 	C:\WINDOWS\System32\combase.dll
0x00007ff9ca2b0000 - 0x00007ff9ca2de000 	C:\WINDOWS\SYSTEM32\Wldp.dll
0x00007ff9cbac0000 - 0x00007ff9cbb8d000 	C:\WINDOWS\System32\OLEAUT32.dll
0x00007ff9cc700000 - 0x00007ff9cc7ad000 	C:\WINDOWS\System32\SHCORE.dll
0x00007ff9cc930000 - 0x00007ff9cc985000 	C:\WINDOWS\System32\shlwapi.dll
0x00007ff9ca880000 - 0x00007ff9ca8a4000 	C:\WINDOWS\SYSTEM32\profapi.dll
0x00007ff9c39e0000 - 0x00007ff9c39f8000 	C:\Users\pc33\.jdks\corretto-17.0.12\bin\zip.dll
0x00007ff9c22b0000 - 0x00007ff9c22c9000 	C:\Users\pc33\.jdks\corretto-17.0.12\bin\net.dll
0x00007ff9c4cc0000 - 0x00007ff9c4dcd000 	C:\WINDOWS\SYSTEM32\WINHTTP.dll
0x00007ff9ca010000 - 0x00007ff9ca07a000 	C:\WINDOWS\system32\mswsock.dll
0x00007ff9bace0000 - 0x00007ff9bacf6000 	C:\Users\pc33\.jdks\corretto-17.0.12\bin\nio.dll
0x00007ff9c4360000 - 0x00007ff9c4370000 	C:\Users\pc33\.jdks\corretto-17.0.12\bin\verify.dll
0x00007ff9c46c0000 - 0x00007ff9c46e7000 	C:\Users\pc33\.gradle\native\c067742578af261105cb4f569cf0c3c89f3d7b1fecec35dd04571415982c5e48\windows-amd64\native-platform.dll
0x00007ff987250000 - 0x00007ff987394000 	C:\Users\pc33\.gradle\native\100fb08df4bc3b14c8652ba06237920a3bd2aa13389f12d3474272988ae205f9\windows-amd64\native-platform-file-events.dll
0x00007ff9bacd0000 - 0x00007ff9bacd9000 	C:\Users\pc33\.jdks\corretto-17.0.12\bin\management.dll
0x00007ff9a3f30000 - 0x00007ff9a3f3b000 	C:\Users\pc33\.jdks\corretto-17.0.12\bin\management_ext.dll
0x00007ff9cd260000 - 0x00007ff9cd268000 	C:\WINDOWS\System32\PSAPI.DLL
0x00007ff9ca210000 - 0x00007ff9ca228000 	C:\WINDOWS\SYSTEM32\CRYPTSP.dll
0x00007ff9c9930000 - 0x00007ff9c9964000 	C:\WINDOWS\system32\rsaenh.dll
0x00007ff9ca800000 - 0x00007ff9ca82e000 	C:\WINDOWS\SYSTEM32\USERENV.dll
0x00007ff9ca200000 - 0x00007ff9ca20c000 	C:\WINDOWS\SYSTEM32\CRYPTBASE.dll
0x00007ff9c9cf0000 - 0x00007ff9c9d2b000 	C:\WINDOWS\SYSTEM32\IPHLPAPI.DLL
0x00007ff9cc890000 - 0x00007ff9cc898000 	C:\WINDOWS\System32\NSI.dll
0x00007ff9c50f0000 - 0x00007ff9c5107000 	C:\WINDOWS\SYSTEM32\dhcpcsvc6.DLL
0x00007ff9c5780000 - 0x00007ff9c579d000 	C:\WINDOWS\SYSTEM32\dhcpcsvc.DLL
0x00007ff9c9d30000 - 0x00007ff9c9dfa000 	C:\WINDOWS\SYSTEM32\DNSAPI.dll
0x00007ff9a3f20000 - 0x00007ff9a3f29000 	C:\Users\pc33\.jdks\corretto-17.0.12\bin\extnet.dll
0x00007ff9a2570000 - 0x00007ff9a257e000 	C:\Users\pc33\.jdks\corretto-17.0.12\bin\sunmscapi.dll
0x00007ff9cae20000 - 0x00007ff9caf7c000 	C:\WINDOWS\System32\CRYPT32.dll
0x00007ff9ca320000 - 0x00007ff9ca347000 	C:\WINDOWS\SYSTEM32\ncrypt.dll
0x00007ff9ca2e0000 - 0x00007ff9ca31b000 	C:\WINDOWS\SYSTEM32\NTASN1.dll
0x00007ff9a8770000 - 0x00007ff9a8777000 	C:\WINDOWS\system32\wshunix.dll

dbghelp: loaded successfully - version: 4.0.5 - missing functions: none
symbol engine: initialized successfully - sym options: 0x614 - pdb path: .;C:\Users\pc33\.jdks\corretto-17.0.12\bin;C:\WINDOWS\SYSTEM32;C:\WINDOWS\WinSxS\amd64_microsoft.windows.common-controls_6595b64144ccf1df_6.0.19041.4355_none_60b8b9eb71f62e16;C:\Users\pc33\.jdks\corretto-17.0.12\bin\server;C:\Users\pc33\.gradle\native\c067742578af261105cb4f569cf0c3c89f3d7b1fecec35dd04571415982c5e48\windows-amd64;C:\Users\pc33\.gradle\native\100fb08df4bc3b14c8652ba06237920a3bd2aa13389f12d3474272988ae205f9\windows-amd64

VM Arguments:
jvm_args: --add-opens=java.base/java.util=ALL-UNNAMED --add-opens=java.base/java.lang=ALL-UNNAMED --add-opens=java.base/java.lang.invoke=ALL-UNNAMED --add-opens=java.prefs/java.util.prefs=ALL-UNNAMED --add-exports=jdk.compiler/com.sun.tools.javac.api=ALL-UNNAMED --add-exports=jdk.compiler/com.sun.tools.javac.util=ALL-UNNAMED --add-opens=java.base/java.nio.charset=ALL-UNNAMED --add-opens=java.base/java.net=ALL-UNNAMED --add-opens=java.base/java.util.concurrent.atomic=ALL-UNNAMED -XX:MaxMetaspaceSize=384m -XX:+HeapDumpOnOutOfMemoryError -Xms256m -Xmx512m -Dfile.encoding=UTF-8 -Duser.country=KR -Duser.language=ko -Duser.variant -javaagent:C:\Users\pc33\.gradle\wrapper\dists\gradle-8.10.2-bin\a04bxjujx95o3nb99gddekhwo\gradle-8.10.2\lib\agents\gradle-instrumentation-agent-8.10.2.jar 
java_command: org.gradle.launcher.daemon.bootstrap.GradleDaemon 8.10.2
java_class_path (initial): C:\Users\pc33\.gradle\wrapper\dists\gradle-8.10.2-bin\a04bxjujx95o3nb99gddekhwo\gradle-8.10.2\lib\gradle-daemon-main-8.10.2.jar
Launcher Type: SUN_STANDARD

[Global flags]
     intx CICompilerCount                          = 3                                         {product} {ergonomic}
   size_t CompressedClassSpaceSize                 = 335544320                                 {product} {ergonomic}
     uint ConcGCThreads                            = 1                                         {product} {ergonomic}
     uint G1ConcRefinementThreads                  = 4                                         {product} {ergonomic}
   size_t G1HeapRegionSize                         = 1048576                                   {product} {ergonomic}
    uintx GCDrainStackTargetSize                   = 64                                        {product} {ergonomic}
     bool HeapDumpOnOutOfMemoryError               = true                                   {manageable} {command line}
   size_t InitialHeapSize                          = 268435456                                 {product} {command line}
   size_t MarkStackSize                            = 4194304                                   {product} {ergonomic}
   size_t MaxHeapSize                              = 536870912                                 {product} {command line}
   size_t MaxMetaspaceSize                         = 402653184                                 {product} {command line}
   size_t MaxNewSize                               = 321912832                                 {product} {ergonomic}
   size_t MinHeapDeltaBytes                        = 1048576                                   {product} {ergonomic}
   size_t MinHeapSize                              = 268435456                                 {product} {command line}
    uintx NonNMethodCodeHeapSize                   = 5832780                                {pd product} {ergonomic}
    uintx NonProfiledCodeHeapSize                  = 122912730                              {pd product} {ergonomic}
    uintx ProfiledCodeHeapSize                     = 122912730                              {pd product} {ergonomic}
    uintx ReservedCodeCacheSize                    = 251658240                              {pd product} {ergonomic}
     bool SegmentedCodeCache                       = true                                      {product} {ergonomic}
   size_t SoftMaxHeapSize                          = 536870912                              {manageable} {ergonomic}
     bool UseCompressedClassPointers               = true                           {product lp64_product} {ergonomic}
     bool UseCompressedOops                        = true                           {product lp64_product} {ergonomic}
     bool UseG1GC                                  = true                                      {product} {ergonomic}
     bool UseLargePagesIndividualAllocation        = false                                  {pd product} {ergonomic}

Logging:
Log output configuration:
 #0: stdout all=warning uptime,level,tags
 #1: stderr all=off uptime,level,tags

Environment Variables:
PATH=C:\Users\pc33\Database\21c\dbhomeXE\bin;C:\WINDOWS\system32;C:\WINDOWS;C:\WINDOWS\System32\Wbem;C:\WINDOWS\System32\WindowsPowerShell\v1.0\;C:\WINDOWS\System32\OpenSSH\;C:\Program Files\Bandizip\;C:\Program Files\nodejs\;C:\Program Files\Git\cmd;C:\Users\pc33\AppData\Local\Microsoft\WindowsApps;C:\tools\IntelliJ IDEA\bin;C:\Users\pc33\AppData\Local\Programs\Microsoft VS Code\bin;C:\Users\pc33\AppData\Roaming\npm;C:\Users\pc33\AppData\Local\gitkraken\bin;C:\Users\pc33\AppData\Local\GitHubDesktop\bin
USERNAME=pc33
OS=Windows_NT
PROCESSOR_IDENTIFIER=Intel64 Family 6 Model 158 Stepping 9, GenuineIntel
TMP=C:\Users\pc33\AppData\Local\Temp
TEMP=C:\Users\pc33\AppData\Local\Temp



Periodic native trim disabled


---------------  S Y S T E M  ---------------

OS:
 Windows 10 , 64 bit Build 19041 (10.0.19041.4957)
OS uptime: 26 days 0:52 hours

CPU: total 4 (initial active 4) (4 cores per cpu, 1 threads per core) family 6 model 158 stepping 9 microcode 0xb4, cx8, cmov, fxsr, mmx, 3dnowpref, sse, sse2, sse3, ssse3, sse4.1, sse4.2, popcnt, lzcnt, tsc, tscinvbit, avx, avx2, aes, erms, clmul, bmi1, bmi2, rtm, adx, fma, vzeroupper, clflush, clflushopt
Processor Information for all 4 processors :
  Max Mhz: 3501, Current Mhz: 3501, Mhz Limit: 3501

Memory: 4k page, system-wide physical 16270M (2420M free)
TotalPageFile size 26413M (AvailPageFile size 2785M)
current process WorkingSet (physical memory assigned to process): 382M, peak: 402M
current process commit charge ("private bytes"): 468M, peak: 490M

vm_info: OpenJDK 64-Bit Server VM (17.0.12+7-LTS) for windows-amd64 JRE (17.0.12+7-LTS), built on Jul 10 2024 20:46:33 by "Administrator" with MS VC++ 16.10 / 16.11 (VS2019)

END.
